Storage shard 12 initialized to 69e5eb48ee256da03db5d894a4309a7d367c8a31d773a9c217c97d5bf021e702
Storage shard 12 running on 0.0.0.0:9112
witPercentage: 85.71428571428571, original: 7, reduced: 1
getCode: 4840131 ns
witPercentage: 83.33333333333333, original: 6, reduced: 1
getCode: 482575 ns
witPercentage: 85.71428571428571, original: 7, reduced: 1
getAccount: 601474 ns
witPercentage: 85.71428571428571, original: 7, reduced: 1
getAccount: 366982 ns
witPercentage: 83.33333333333333, original: 6, reduced: 1
getCode: 305582 ns
witPercentage: 83.33333333333333, original: 6, reduced: 1
getCode: 389487 ns
witPercentage: 85.71428571428571, original: 7, reduced: 1
getAccount: 223305 ns
witPercentage: 87.5, original: 8, reduced: 1
getCode: 380079 ns
witPercentage: 85.71428571428571, original: 7, reduced: 1
getAccount: 310402 ns
witPercentage: 83.33333333333333, original: 6, reduced: 1
getCode: 264205 ns
witPercentage: 85.71428571428571, original: 7, reduced: 1
getCode: 3173167 ns
witPercentage: 85.71428571428571, original: 7, reduced: 1
getCode: 264562 ns
witPercentage: 85.71428571428571, original: 7, reduced: 1
getCode: 358672 ns
witPercentage: 85.71428571428571, original: 7, reduced: 1
getCode: 245414 ns
witPercentage: 85.71428571428571, original: 7, reduced: 1
getAccount: 270788 ns
witPercentage: 85.71428571428571, original: 7, reduced: 1
getCode: 258190 ns
witPercentage: 85.71428571428571, original: 7, reduced: 1
getCode: 251959 ns
witPercentage: 83.33333333333333, original: 6, reduced: 1
getCode: 337302 ns
witPercentage: 85.71428571428571, original: 7, reduced: 1
getCode: 249264 ns
witPercentage: 85.71428571428571, original: 7, reduced: 1
getCode: 344499 ns
witPercentage: 83.33333333333333, original: 6, reduced: 1
getAccount: 178954 ns
witPercentage: 83.33333333333333, original: 6, reduced: 1
getCode: 340302 ns
witPercentage: 83.33333333333333, original: 6, reduced: 1
getCode: 238224 ns
witPercentage: 85.71428571428571, original: 7, reduced: 1
getCode: 344495 ns
witPercentage: 85.71428571428571, original: 7, reduced: 1
getAccount: 144911 ns
witPercentage: 83.33333333333333, original: 6, reduced: 1
getCode: 249227 ns
witPercentage: 85.71428571428571, original: 7, reduced: 1
getAccount: 257289 ns
witPercentage: 85.71428571428571, original: 7, reduced: 1
getCode: 241035 ns
witPercentage: 87.5, original: 8, reduced: 1
getAccount: 176841 ns
witPercentage: 85.71428571428571, original: 7, reduced: 1
getCode: 342529 ns
witPercentage: 85.71428571428571, original: 7, reduced: 1
getCode: 215657 ns
witPercentage: 83.33333333333333, original: 6, reduced: 1
getCode: 237065 ns
witPercentage: 83.33333333333333, original: 6, reduced: 1
getAccount: 269355 ns
witPercentage: 83.33333333333333, original: 6, reduced: 1
getCode: 267909 ns
witPercentage: 83.33333333333333, original: 6, reduced: 1
getCode: 235660 ns
witPercentage: 83.33333333333333, original: 6, reduced: 1
getAccount: 167684 ns
witPercentage: 83.33333333333333, original: 6, reduced: 1
getCode: 256632 ns
witPercentage: 85.71428571428571, original: 7, reduced: 1
getCode: 269818 ns
witPercentage: 83.33333333333333, original: 6, reduced: 1
getAccount: 177311 ns
witPercentage: 83.33333333333333, original: 6, reduced: 1
getCode: 207219 ns
witPercentage: 83.33333333333333, original: 6, reduced: 1
getCode: 318455 ns
witPercentage: 85.71428571428571, original: 7, reduced: 1
getAccount: 182631 ns
witPercentage: 85.71428571428571, original: 7, reduced: 1
getCode: 227638 ns
witPercentage: 83.33333333333333, original: 6, reduced: 1
getCode: 329332 ns
witPercentage: 85.71428571428571, original: 7, reduced: 1
getAccount: 265445 ns
witPercentage: 85.71428571428571, original: 7, reduced: 1
getCode: 207152 ns
witPercentage: 83.33333333333333, original: 6, reduced: 1
getCode: 212247 ns
witPercentage: 83.33333333333333, original: 6, reduced: 1
getCode: 340706 ns
witPercentage: 85.71428571428571, original: 7, reduced: 1
getAccount: 155887 ns
witPercentage: 83.33333333333333, original: 6, reduced: 1
getAccount: 176508 ns
witPercentage: 83.33333333333333, original: 6, reduced: 1
getCode: 226456 ns
witPercentage: 85.71428571428571, original: 7, reduced: 1
getCode: 202848 ns
witPercentage: 83.33333333333333, original: 6, reduced: 1
getCode: 325992 ns
witPercentage: 87.5, original: 8, reduced: 1
getAccount: 242624 ns
witPercentage: 85.71428571428571, original: 7, reduced: 1
getCode: 233393 ns
witPercentage: 83.33333333333333, original: 6, reduced: 1
getCode: 276748 ns
witPercentage: 83.33333333333333, original: 6, reduced: 1
getAccount: 241779 ns
witPercentage: 83.33333333333333, original: 6, reduced: 1
getCode: 7897187 ns
witPercentage: 85.71428571428571, original: 7, reduced: 1
getAccount: 191691 ns
witPercentage: 85.71428571428571, original: 7, reduced: 1
getAccount: 176111 ns
witPercentage: 83.33333333333333, original: 6, reduced: 1
getAccount: 277848 ns
witPercentage: 83.33333333333333, original: 6, reduced: 1
getCode: 269782 ns
witPercentage: 85.71428571428571, original: 7, reduced: 1
getCode: 369229 ns
witPercentage: 85.71428571428571, original: 7, reduced: 1
getCode: 251912 ns
witPercentage: 85.71428571428571, original: 7, reduced: 1
getAccount: 152715 ns
witPercentage: 83.33333333333333, original: 6, reduced: 1
getCode: 230374 ns
witPercentage: 85.71428571428571, original: 7, reduced: 1
getAccount: 176422 ns
witPercentage: 85.71428571428571, original: 7, reduced: 1
getAccount: 264927 ns
witPercentage: 83.33333333333333, original: 6, reduced: 1
getCode: 264995 ns
witPercentage: 83.33333333333333, original: 6, reduced: 1
getCode: 324285 ns
witPercentage: 85.71428571428571, original: 7, reduced: 1
getAccount: 249736 ns
witPercentage: 83.33333333333333, original: 6, reduced: 1
getAccount: 197537 ns
witPercentage: 85.71428571428571, original: 7, reduced: 1
getAccount: 299687 ns
witPercentage: 85.71428571428571, original: 7, reduced: 1
getAccount: 165615 ns
witPercentage: 85.71428571428571, original: 7, reduced: 1
getCode: 258622 ns
witPercentage: 85.71428571428571, original: 7, reduced: 1
getCode: 348208 ns
witPercentage: 83.33333333333333, original: 6, reduced: 1
getCode: 251291 ns
witPercentage: 85.71428571428571, original: 7, reduced: 1
getAccount: 164336 ns
witPercentage: 83.33333333333333, original: 6, reduced: 1
getCode: 240275 ns
witPercentage: 85.71428571428571, original: 7, reduced: 1
getCode: 333747 ns
witPercentage: 85.71428571428571, original: 7, reduced: 1
getCode: 227592 ns
witPercentage: 83.33333333333333, original: 6, reduced: 1
getCode: 234822 ns
witPercentage: 83.33333333333333, original: 6, reduced: 1
getAccount: 159537 ns
witPercentage: 85.71428571428571, original: 7, reduced: 1
getAccount: 254605 ns
witPercentage: 85.71428571428571, original: 7, reduced: 1
getCode: 263377 ns
witPercentage: 87.5, original: 8, reduced: 1
getCode: 361750 ns
witPercentage: 83.33333333333333, original: 6, reduced: 1
getAccount: 162843 ns
witPercentage: 85.71428571428571, original: 7, reduced: 1
getCode: 345786 ns
witPercentage: 87.5, original: 8, reduced: 1
getCode: 278904 ns
witPercentage: 83.33333333333333, original: 6, reduced: 1
getAccount: 184398 ns
witPercentage: 83.33333333333333, original: 6, reduced: 1
getAccount: 262568 ns
witPercentage: 83.33333333333333, original: 6, reduced: 1
getCode: 245004 ns
witPercentage: 85.71428571428571, original: 7, reduced: 1
getAccount: 169827 ns
witPercentage: 85.71428571428571, original: 7, reduced: 1
getCode: 282918 ns
witPercentage: 85.71428571428571, original: 7, reduced: 1
getAccount: 275529 ns
witPercentage: 85.71428571428571, original: 7, reduced: 1
getAccount: 260046 ns
witPercentage: 83.33333333333333, original: 6, reduced: 1
getCode: 270347 ns
witPercentage: 83.33333333333333, original: 6, reduced: 1
getCode: 253051 ns
witPercentage: 83.33333333333333, original: 6, reduced: 1
getCode: 201376 ns
witPercentage: 85.71428571428571, original: 7, reduced: 1
getAccount: 273011 ns
witPercentage: 83.33333333333333, original: 6, reduced: 1
getCode: 245337 ns
witPercentage: 85.71428571428571, original: 7, reduced: 1
getAccount: 151819 ns
witPercentage: 83.33333333333333, original: 6, reduced: 1
getAccount: 174857 ns
witPercentage: 85.71428571428571, original: 7, reduced: 1
getCode: 349878 ns
witPercentage: 85.71428571428571, original: 7, reduced: 1
getCode: 254702 ns
witPercentage: 83.33333333333333, original: 6, reduced: 1
getAccount: 167881 ns
witPercentage: 87.5, original: 8, reduced: 1
getAccount: 196808 ns
witPercentage: 83.33333333333333, original: 6, reduced: 1
getCode: 251890 ns
witPercentage: 85.71428571428571, original: 7, reduced: 1
getCode: 258771 ns
witPercentage: 83.33333333333333, original: 6, reduced: 1
getCode: 354519 ns
witPercentage: 85.71428571428571, original: 7, reduced: 1
getAccount: 185414 ns
witPercentage: 83.33333333333333, original: 6, reduced: 1
getCode: 224044 ns
witPercentage: 85.71428571428571, original: 7, reduced: 1
getAccount: 179097 ns
witPercentage: 83.33333333333333, original: 6, reduced: 1
getCode: 353659 ns
witPercentage: 85.71428571428571, original: 7, reduced: 1
getCode: 260132 ns
witPercentage: 83.33333333333333, original: 6, reduced: 1
getAccount: 261426 ns
witPercentage: 85.71428571428571, original: 7, reduced: 1
getAccount: 274379 ns
witPercentage: 85.71428571428571, original: 7, reduced: 1
getAccount: 198401 ns
witPercentage: 83.33333333333333, original: 6, reduced: 1
getCode: 239639 ns
witPercentage: 83.33333333333333, original: 6, reduced: 1
getCode: 343618 ns
witPercentage: 85.71428571428571, original: 7, reduced: 1
getCode: 261954 ns
witPercentage: 85.71428571428571, original: 7, reduced: 1
getCode: 219918 ns
witPercentage: 83.33333333333333, original: 6, reduced: 1
getAccount: 256699 ns
witPercentage: 85.71428571428571, original: 7, reduced: 1
getAccount: 164269 ns
witPercentage: 85.71428571428571, original: 7, reduced: 1
getCode: 378889 ns
witPercentage: 85.71428571428571, original: 7, reduced: 1
getCode: 232546 ns
witPercentage: 85.71428571428571, original: 7, reduced: 1
getCode: 232317 ns
witPercentage: 85.71428571428571, original: 7, reduced: 1
getAccount: 184801 ns
witPercentage: 83.33333333333333, original: 6, reduced: 1
getCode: 243875 ns
witPercentage: 83.33333333333333, original: 6, reduced: 1
getCode: 234017 ns
witPercentage: 83.33333333333333, original: 6, reduced: 1
getCode: 323538 ns
witPercentage: 85.71428571428571, original: 7, reduced: 1
getCode: 240567 ns
witPercentage: 85.71428571428571, original: 7, reduced: 1
getAccount: 266892 ns
witPercentage: 83.33333333333333, original: 6, reduced: 1
getAccount: 150653 ns
witPercentage: 85.71428571428571, original: 7, reduced: 1
getCode: 225875 ns
witPercentage: 85.71428571428571, original: 7, reduced: 1
getCode: 216586 ns
witPercentage: 83.33333333333333, original: 6, reduced: 1
getCode: 248335 ns
witPercentage: 85.71428571428571, original: 7, reduced: 1
getCode: 336521 ns
witPercentage: 85.71428571428571, original: 7, reduced: 1
getAccount: 167127 ns
witPercentage: 87.5, original: 8, reduced: 1
getAccount: 193225 ns
witPercentage: 85.71428571428571, original: 7, reduced: 1
getAccount: 209501 ns
witPercentage: 87.5, original: 8, reduced: 1
getCode: 241708 ns
witPercentage: 83.33333333333333, original: 6, reduced: 1
getCode: 346154 ns
witPercentage: 83.33333333333333, original: 6, reduced: 1
getCode: 300822 ns
witPercentage: 83.33333333333333, original: 6, reduced: 1
getCode: 241693 ns
witPercentage: 85.71428571428571, original: 7, reduced: 1
getCode: 243261 ns
witPercentage: 85.71428571428571, original: 7, reduced: 1
getCode: 339676 ns
witPercentage: 85.71428571428571, original: 7, reduced: 1
getAccount: 179697 ns
witPercentage: 85.71428571428571, original: 7, reduced: 1
getCode: 226577 ns
witPercentage: 85.71428571428571, original: 7, reduced: 1
getCode: 232917 ns
witPercentage: 85.71428571428571, original: 7, reduced: 1
getAccount: 169591 ns
witPercentage: 83.33333333333333, original: 6, reduced: 1
getCode: 237335 ns
witPercentage: 85.71428571428571, original: 7, reduced: 1
getCode: 237191 ns
witPercentage: 83.33333333333333, original: 6, reduced: 1
getCode: 350372 ns
witPercentage: 85.71428571428571, original: 7, reduced: 1
getCode: 279362 ns
witPercentage: 85.71428571428571, original: 7, reduced: 1
getAccount: 171296 ns
witPercentage: 85.71428571428571, original: 7, reduced: 1
getAccount: 279411 ns
witPercentage: 85.71428571428571, original: 7, reduced: 1
getAccount: 182507 ns
witPercentage: 85.71428571428571, original: 7, reduced: 1
getAccount: 179648 ns
witPercentage: 83.33333333333333, original: 6, reduced: 1
getCode: 240711 ns
witPercentage: 85.71428571428571, original: 7, reduced: 1
getCode: 242669 ns
witPercentage: 85.71428571428571, original: 7, reduced: 1
getCode: 251848 ns
witPercentage: 85.71428571428571, original: 7, reduced: 1
getAccount: 176761 ns
witPercentage: 87.5, original: 8, reduced: 1
getCode: 246032 ns
witPercentage: 85.71428571428571, original: 7, reduced: 1
getCode: 221098 ns
witPercentage: 85.71428571428571, original: 7, reduced: 1
getCode: 348465 ns
witPercentage: 85.71428571428571, original: 7, reduced: 1
getAccount: 169041 ns
witPercentage: 85.71428571428571, original: 7, reduced: 1
getCode: 342563 ns
witPercentage: 83.33333333333333, original: 6, reduced: 1
getAccount: 177138 ns
witPercentage: 83.33333333333333, original: 6, reduced: 1
getCode: 356959 ns
witPercentage: 83.33333333333333, original: 6, reduced: 1
getCode: 222973 ns
witPercentage: 83.33333333333333, original: 6, reduced: 1
getAccount: 161434 ns
witPercentage: 83.33333333333333, original: 6, reduced: 1
getAccount: 171817 ns
witPercentage: 83.33333333333333, original: 6, reduced: 1
getCode: 231574 ns
witPercentage: 85.71428571428571, original: 7, reduced: 1
getCode: 351099 ns
witPercentage: 85.71428571428571, original: 7, reduced: 1
getCode: 251515 ns
witPercentage: 85.71428571428571, original: 7, reduced: 1
getAccount: 271821 ns
witPercentage: 83.33333333333333, original: 6, reduced: 1
getCode: 232935 ns
witPercentage: 85.71428571428571, original: 7, reduced: 1
getCode: 236823 ns
witPercentage: 83.33333333333333, original: 6, reduced: 1
getCode: 206761 ns
witPercentage: 85.71428571428571, original: 7, reduced: 1
getCode: 353482 ns
witPercentage: 85.71428571428571, original: 7, reduced: 1
getCode: 258577 ns
witPercentage: 85.71428571428571, original: 7, reduced: 1
getCode: 244845 ns
witPercentage: 85.71428571428571, original: 7, reduced: 1
getCode: 240708 ns
witPercentage: 85.71428571428571, original: 7, reduced: 1
getAccount: 181337 ns
witPercentage: 83.33333333333333, original: 6, reduced: 1
getAccount: 188174 ns
witPercentage: 85.71428571428571, original: 7, reduced: 1
getAccount: 285062 ns
witPercentage: 83.33333333333333, original: 6, reduced: 1
getAccount: 205609 ns
witPercentage: 83.33333333333333, original: 6, reduced: 1
getCode: 227868 ns
witPercentage: 85.71428571428571, original: 7, reduced: 1
getCode: 245784 ns
witPercentage: 85.71428571428571, original: 7, reduced: 1
getCode: 372449 ns
witPercentage: 85.71428571428571, original: 7, reduced: 1
getCode: 348075 ns
witPercentage: 83.33333333333333, original: 6, reduced: 1
getCode: 242175 ns
witPercentage: 85.71428571428571, original: 7, reduced: 1
getAccount: 168344 ns
witPercentage: 85.71428571428571, original: 7, reduced: 1
getAccount: 175251 ns
witPercentage: 85.71428571428571, original: 7, reduced: 1
getCode: 243701 ns
witPercentage: 83.33333333333333, original: 6, reduced: 1
getCode: 229682 ns
witPercentage: 85.71428571428571, original: 7, reduced: 1
getCode: 348135 ns
witPercentage: 83.33333333333333, original: 6, reduced: 1
getCode: 239379 ns
witPercentage: 85.71428571428571, original: 7, reduced: 1
getCode: 236807 ns
witPercentage: 85.71428571428571, original: 7, reduced: 1
getAccount: 260126 ns
witPercentage: 83.33333333333333, original: 6, reduced: 1
getCode: 235211 ns
witPercentage: 85.71428571428571, original: 7, reduced: 1
getCode: 269718 ns
witPercentage: 85.71428571428571, original: 7, reduced: 1
getAccount: 169817 ns
witPercentage: 83.33333333333333, original: 6, reduced: 1
getAccount: 169540 ns
witPercentage: 83.33333333333333, original: 6, reduced: 1
getCode: 248708 ns
witPercentage: 85.71428571428571, original: 7, reduced: 1
getCode: 253765 ns
witPercentage: 85.71428571428571, original: 7, reduced: 1
getAccount: 166607 ns
witPercentage: 85.71428571428571, original: 7, reduced: 1
getCode: 344999 ns
witPercentage: 85.71428571428571, original: 7, reduced: 1
getAccount: 161988 ns
witPercentage: 85.71428571428571, original: 7, reduced: 1
getCode: 351992 ns
witPercentage: 85.71428571428571, original: 7, reduced: 1
getCode: 252531 ns
witPercentage: 85.71428571428571, original: 7, reduced: 1
getCode: 372202 ns
witPercentage: 85.71428571428571, original: 7, reduced: 1
getCode: 257908 ns
witPercentage: 85.71428571428571, original: 7, reduced: 1
getCode: 354979 ns
witPercentage: 85.71428571428571, original: 7, reduced: 1
getCode: 249677 ns
witPercentage: 87.5, original: 8, reduced: 1
getCode: 263724 ns
witPercentage: 85.71428571428571, original: 7, reduced: 1
getAccount: 182398 ns
witPercentage: 85.71428571428571, original: 7, reduced: 1
getCode: 4772886 ns
witPercentage: 83.33333333333333, original: 6, reduced: 1
getCode: 342017 ns
witPercentage: 85.71428571428571, original: 7, reduced: 1
getCode: 238944 ns
witPercentage: 85.71428571428571, original: 7, reduced: 1
getCode: 350732 ns
witPercentage: 87.5, original: 8, reduced: 1
getAccount: 164671 ns
witPercentage: 85.71428571428571, original: 7, reduced: 1
getCode: 270335 ns
witPercentage: 85.71428571428571, original: 7, reduced: 1
getCode: 231998 ns
witPercentage: 85.71428571428571, original: 7, reduced: 1
getCode: 378195 ns
witPercentage: 83.33333333333333, original: 6, reduced: 1
getAccount: 887592 ns
witPercentage: 85.71428571428571, original: 7, reduced: 1
getCode: 246069 ns
witPercentage: 85.71428571428571, original: 7, reduced: 1
getCode: 345183 ns
witPercentage: 85.71428571428571, original: 7, reduced: 1
getCode: 238746 ns
witPercentage: 85.71428571428571, original: 7, reduced: 1
getCode: 344263 ns
witPercentage: 83.33333333333333, original: 6, reduced: 1
getCode: 224651 ns
witPercentage: 83.33333333333333, original: 6, reduced: 1
getCode: 221653 ns
witPercentage: 83.33333333333333, original: 6, reduced: 1
getCode: 228434 ns
witPercentage: 83.33333333333333, original: 6, reduced: 1
getCode: 355402 ns
witPercentage: 83.33333333333333, original: 6, reduced: 1
getAccount: 164734 ns
witPercentage: 83.33333333333333, original: 6, reduced: 1
getCode: 330778 ns
witPercentage: 83.33333333333333, original: 6, reduced: 1
getAccount: 159443 ns
witPercentage: 85.71428571428571, original: 7, reduced: 1
getCode: 330562 ns
witPercentage: 83.33333333333333, original: 6, reduced: 1
getAccount: 154421 ns
witPercentage: 83.33333333333333, original: 6, reduced: 1
getCode: 243781 ns
witPercentage: 85.71428571428571, original: 7, reduced: 1
getCode: 342492 ns
witPercentage: 83.33333333333333, original: 6, reduced: 1
getCode: 366415 ns
witPercentage: 85.71428571428571, original: 7, reduced: 1
getCode: 247340 ns
witPercentage: 85.71428571428571, original: 7, reduced: 1
getCode: 190370 ns
witPercentage: 85.71428571428571, original: 7, reduced: 1
getCode: 221691 ns
witPercentage: 83.33333333333333, original: 6, reduced: 1
getCode: 208462 ns
witPercentage: 87.5, original: 8, reduced: 1
getCode: 230497 ns
witPercentage: 85.71428571428571, original: 7, reduced: 1
getCode: 220647 ns
witPercentage: 85.71428571428571, original: 7, reduced: 1
getCode: 4176462 ns
witPercentage: 85.71428571428571, original: 7, reduced: 1
getCode: 220677 ns
witPercentage: 85.71428571428571, original: 7, reduced: 1
getCode: 218165 ns
witPercentage: 83.33333333333333, original: 6, reduced: 1
getCode: 216358 ns
witPercentage: 85.71428571428571, original: 7, reduced: 1
getCode: 331642 ns
witPercentage: 85.71428571428571, original: 7, reduced: 1
getCode: 229768 ns
witPercentage: 83.33333333333333, original: 6, reduced: 1
getCode: 222381 ns
witPercentage: 83.33333333333333, original: 6, reduced: 1
getAccount: 171981 ns
witPercentage: 85.71428571428571, original: 7, reduced: 1
getCode: 213810 ns
witPercentage: 85.71428571428571, original: 7, reduced: 1
getCode: 344456 ns
witPercentage: 85.71428571428571, original: 7, reduced: 1
getAccount: 251368 ns
witPercentage: 85.71428571428571, original: 7, reduced: 1
getCode: 336922 ns
witPercentage: 85.71428571428571, original: 7, reduced: 1
getCode: 225354 ns
witPercentage: 87.5, original: 8, reduced: 1
getCode: 343735 ns
witPercentage: 85.71428571428571, original: 7, reduced: 1
getCode: 247221 ns
witPercentage: 85.71428571428571, original: 7, reduced: 1
getCode: 359085 ns
witPercentage: 85.71428571428571, original: 7, reduced: 1
getAccount: 164387 ns
witPercentage: 85.71428571428571, original: 7, reduced: 1
getCode: 246225 ns
witPercentage: 85.71428571428571, original: 7, reduced: 1
getAccount: 186611 ns
witPercentage: 85.71428571428571, original: 7, reduced: 1
getCode: 242989 ns
witPercentage: 83.33333333333333, original: 6, reduced: 1
getAccount: 180711 ns
witPercentage: 85.71428571428571, original: 7, reduced: 1
getCode: 226521 ns
witPercentage: 85.71428571428571, original: 7, reduced: 1
getAccount: 184234 ns
witPercentage: 85.71428571428571, original: 7, reduced: 1
getCode: 261561 ns
witPercentage: 85.71428571428571, original: 7, reduced: 1
getCode: 272948 ns
witPercentage: 85.71428571428571, original: 7, reduced: 1
getCode: 227274 ns
witPercentage: 85.71428571428571, original: 7, reduced: 1
getCode: 349775 ns
witPercentage: 83.33333333333333, original: 6, reduced: 1
getAccount: 265129 ns
witPercentage: 85.71428571428571, original: 7, reduced: 1
getCode: 240658 ns
witPercentage: 83.33333333333333, original: 6, reduced: 1
getCode: 234728 ns
witPercentage: 85.71428571428571, original: 7, reduced: 1
getCode: 228741 ns
witPercentage: 83.33333333333333, original: 6, reduced: 1
getCode: 327671 ns
witPercentage: 83.33333333333333, original: 6, reduced: 1
getAccount: 5623358 ns
witPercentage: 85.71428571428571, original: 7, reduced: 1
getCode: 235755 ns
witPercentage: 85.71428571428571, original: 7, reduced: 1
getAccount: 167187 ns
witPercentage: 83.33333333333333, original: 6, reduced: 1
getCode: 247243 ns
witPercentage: 85.71428571428571, original: 7, reduced: 1
getCode: 224921 ns
witPercentage: 85.71428571428571, original: 7, reduced: 1
getCode: 343762 ns
witPercentage: 85.71428571428571, original: 7, reduced: 1
getCode: 328769 ns
witPercentage: 85.71428571428571, original: 7, reduced: 1
getAccount: 147447 ns
witPercentage: 83.33333333333333, original: 6, reduced: 1
getCode: 225432 ns
witPercentage: 83.33333333333333, original: 6, reduced: 1
getCode: 259503 ns
witPercentage: 83.33333333333333, original: 6, reduced: 1
getCode: 210371 ns
witPercentage: 83.33333333333333, original: 6, reduced: 1
getCode: 205232 ns
witPercentage: 85.71428571428571, original: 7, reduced: 1
getCode: 339149 ns
witPercentage: 85.71428571428571, original: 7, reduced: 1
getCode: 326315 ns
witPercentage: 83.33333333333333, original: 6, reduced: 1
getCode: 255698 ns
witPercentage: 85.71428571428571, original: 7, reduced: 1
getCode: 227110 ns
witPercentage: 85.71428571428571, original: 7, reduced: 1
getCode: 337554 ns
witPercentage: 83.33333333333333, original: 6, reduced: 1
getCode: 250131 ns
witPercentage: 85.71428571428571, original: 7, reduced: 1
getCode: 247612 ns
witPercentage: 83.33333333333333, original: 6, reduced: 1
getAccount: 169844 ns
witPercentage: 83.33333333333333, original: 6, reduced: 1
getAccount: 135824 ns
witPercentage: 83.33333333333333, original: 6, reduced: 1
getAccount: 147811 ns
witPercentage: 87.5, original: 8, reduced: 1
getCode: 350235 ns
witPercentage: 85.71428571428571, original: 7, reduced: 1
getCode: 215583 ns
witPercentage: 83.33333333333333, original: 6, reduced: 1
getAccount: 135321 ns
witPercentage: 83.33333333333333, original: 6, reduced: 1
getCode: 265626 ns
witPercentage: 83.33333333333333, original: 6, reduced: 1
getCode: 238078 ns
witPercentage: 85.71428571428571, original: 7, reduced: 1
getCode: 252655 ns
witPercentage: 83.33333333333333, original: 6, reduced: 1
getCode: 470183 ns
witPercentage: 85.71428571428571, original: 7, reduced: 1
getAccount: 339499 ns
witPercentage: 83.33333333333333, original: 6, reduced: 1
getAccount: 230628 ns
witPercentage: 85.71428571428571, original: 7, reduced: 1
getCode: 220961 ns
witPercentage: 85.71428571428571, original: 7, reduced: 1
getCode: 4965811 ns
witPercentage: 85.71428571428571, original: 7, reduced: 1
getCode: 220131 ns
witPercentage: 83.33333333333333, original: 6, reduced: 1
getCode: 207912 ns
witPercentage: 85.71428571428571, original: 7, reduced: 1
getCode: 211589 ns
witPercentage: 85.71428571428571, original: 7, reduced: 1
getCode: 219779 ns
witPercentage: 83.33333333333333, original: 6, reduced: 1
getCode: 171109 ns
witPercentage: 83.33333333333333, original: 6, reduced: 1
getCode: 306326 ns
witPercentage: 85.71428571428571, original: 7, reduced: 1
getCode: 253432 ns
witPercentage: 83.33333333333333, original: 6, reduced: 1
getAccount: 127022 ns
witPercentage: 83.33333333333333, original: 6, reduced: 1
getCode: 232069 ns
witPercentage: 87.5, original: 8, reduced: 1
getCode: 313469 ns
witPercentage: 85.71428571428571, original: 7, reduced: 1
getCode: 179433 ns
witPercentage: 85.71428571428571, original: 7, reduced: 1
getCode: 246885 ns
witPercentage: 83.33333333333333, original: 6, reduced: 1
getCode: 304736 ns
witPercentage: 85.71428571428571, original: 7, reduced: 1
getCode: 218515 ns
witPercentage: 85.71428571428571, original: 7, reduced: 1
getAccount: 250334 ns
witPercentage: 85.71428571428571, original: 7, reduced: 1
getCode: 221678 ns
witPercentage: 85.71428571428571, original: 7, reduced: 1
getCode: 222554 ns
witPercentage: 83.33333333333333, original: 6, reduced: 1
getCode: 327729 ns
witPercentage: 85.71428571428571, original: 7, reduced: 1
getCode: 222238 ns
witPercentage: 83.33333333333333, original: 6, reduced: 1
getCode: 236322 ns
witPercentage: 85.71428571428571, original: 7, reduced: 1
getCode: 222388 ns
witPercentage: 85.71428571428571, original: 7, reduced: 1
getCode: 208417 ns
witPercentage: 85.71428571428571, original: 7, reduced: 1
getCode: 355028 ns
witPercentage: 85.71428571428571, original: 7, reduced: 1
getCode: 230594 ns
witPercentage: 83.33333333333333, original: 6, reduced: 1
getCode: 212281 ns
witPercentage: 83.33333333333333, original: 6, reduced: 1
getCode: 219254 ns
witPercentage: 85.71428571428571, original: 7, reduced: 1
getCode: 216254 ns
witPercentage: 83.33333333333333, original: 6, reduced: 1
getCode: 346583 ns
witPercentage: 83.33333333333333, original: 6, reduced: 1
getCode: 757324 ns
witPercentage: 85.71428571428571, original: 7, reduced: 1
getCode: 306070 ns
witPercentage: 83.33333333333333, original: 6, reduced: 1
getAccount: 150363 ns
witPercentage: 85.71428571428571, original: 7, reduced: 1
getCode: 337602 ns
witPercentage: 85.71428571428571, original: 7, reduced: 1
getAccount: 198327 ns
witPercentage: 85.71428571428571, original: 7, reduced: 1
getCode: 217958 ns
witPercentage: 83.33333333333333, original: 6, reduced: 1
getCode: 237655 ns
witPercentage: 83.33333333333333, original: 6, reduced: 1
getCode: 193217 ns
witPercentage: 85.71428571428571, original: 7, reduced: 1
getCode: 327196 ns
witPercentage: 85.71428571428571, original: 7, reduced: 1
getCode: 256266 ns
witPercentage: 85.71428571428571, original: 7, reduced: 1
getCode: 345739 ns
witPercentage: 85.71428571428571, original: 7, reduced: 1
getCode: 217441 ns
witPercentage: 83.33333333333333, original: 6, reduced: 1
getCode: 217314 ns
witPercentage: 83.33333333333333, original: 6, reduced: 1
getCode: 202698 ns
witPercentage: 85.71428571428571, original: 7, reduced: 1
getCode: 329332 ns
witPercentage: 83.33333333333333, original: 6, reduced: 1
getCode: 328158 ns
witPercentage: 85.71428571428571, original: 7, reduced: 1
getCode: 241541 ns
witPercentage: 85.71428571428571, original: 7, reduced: 1
getCode: 328546 ns
witPercentage: 87.5, original: 8, reduced: 1
getCode: 249734 ns
witPercentage: 83.33333333333333, original: 6, reduced: 1
getAccount: 145257 ns
witPercentage: 85.71428571428571, original: 7, reduced: 1
getAccount: 250082 ns
witPercentage: 83.33333333333333, original: 6, reduced: 1
getCode: 225391 ns
witPercentage: 83.33333333333333, original: 6, reduced: 1
getCode: 327385 ns
witPercentage: 83.33333333333333, original: 6, reduced: 1
getCode: 259809 ns
witPercentage: 85.71428571428571, original: 7, reduced: 1
getCode: 209935 ns
witPercentage: 87.5, original: 8, reduced: 1
getCode: 330455 ns
witPercentage: 83.33333333333333, original: 6, reduced: 1
getCode: 237734 ns
witPercentage: 85.71428571428571, original: 7, reduced: 1
getCode: 245101 ns
witPercentage: 83.33333333333333, original: 6, reduced: 1
getAccount: 154610 ns
witPercentage: 87.5, original: 8, reduced: 1
getCode: 377043 ns
witPercentage: 87.5, original: 8, reduced: 1
getCode: 229115 ns
witPercentage: 85.71428571428571, original: 7, reduced: 1
getCode: 231171 ns
witPercentage: 85.71428571428571, original: 7, reduced: 1
getCode: 272734 ns
witPercentage: 85.71428571428571, original: 7, reduced: 1
getCode: 347394 ns
witPercentage: 85.71428571428571, original: 7, reduced: 1
getCode: 337067 ns
witPercentage: 85.71428571428571, original: 7, reduced: 1
getCode: 224965 ns
witPercentage: 85.71428571428571, original: 7, reduced: 1
getCode: 352092 ns
witPercentage: 83.33333333333333, original: 6, reduced: 1
getCode: 213500 ns
witPercentage: 85.71428571428571, original: 7, reduced: 1
getAccount: 4630253 ns
witPercentage: 85.71428571428571, original: 7, reduced: 1
getCode: 218178 ns
witPercentage: 85.71428571428571, original: 7, reduced: 1
getCode: 330891 ns
witPercentage: 85.71428571428571, original: 7, reduced: 1
getCode: 254796 ns
witPercentage: 83.33333333333333, original: 6, reduced: 1
getCode: 249559 ns
witPercentage: 85.71428571428571, original: 7, reduced: 1
getAccount: 137355 ns
witPercentage: 83.33333333333333, original: 6, reduced: 1
getAccount: 148197 ns
witPercentage: 83.33333333333333, original: 6, reduced: 1
getCode: 223684 ns
witPercentage: 85.71428571428571, original: 7, reduced: 1
getCode: 209127 ns
witPercentage: 85.71428571428571, original: 7, reduced: 1
getCode: 199675 ns
witPercentage: 85.71428571428571, original: 7, reduced: 1
getCode: 217482 ns
witPercentage: 85.71428571428571, original: 7, reduced: 1
getCode: 348439 ns
witPercentage: 85.71428571428571, original: 7, reduced: 1
getCode: 221984 ns
witPercentage: 83.33333333333333, original: 6, reduced: 1
getCode: 326245 ns
witPercentage: 85.71428571428571, original: 7, reduced: 1
getCode: 335432 ns
witPercentage: 85.71428571428571, original: 7, reduced: 1
getCode: 237587 ns
witPercentage: 83.33333333333333, original: 6, reduced: 1
getCode: 236546 ns
witPercentage: 85.71428571428571, original: 7, reduced: 1
getCode: 328395 ns
witPercentage: 83.33333333333333, original: 6, reduced: 1
getCode: 219740 ns
witPercentage: 83.33333333333333, original: 6, reduced: 1
getCode: 200691 ns
witPercentage: 85.71428571428571, original: 7, reduced: 1
getCode: 355138 ns
witPercentage: 83.33333333333333, original: 6, reduced: 1
getAccount: 185464 ns
witPercentage: 83.33333333333333, original: 6, reduced: 1
getCode: 231839 ns
witPercentage: 83.33333333333333, original: 6, reduced: 1
getCode: 250986 ns
witPercentage: 83.33333333333333, original: 6, reduced: 1
getCode: 210171 ns
witPercentage: 85.71428571428571, original: 7, reduced: 1
getAccount: 193371 ns
witPercentage: 85.71428571428571, original: 7, reduced: 1
getCode: 243537 ns
witPercentage: 87.5, original: 8, reduced: 1
getCode: 213841 ns
witPercentage: 85.71428571428571, original: 7, reduced: 1
getCode: 232420 ns
witPercentage: 85.71428571428571, original: 7, reduced: 1
getCode: 354722 ns
witPercentage: 83.33333333333333, original: 6, reduced: 1
getAccount: 249594 ns
witPercentage: 87.5, original: 8, reduced: 1
getCode: 223574 ns
witPercentage: 83.33333333333333, original: 6, reduced: 1
getCode: 191387 ns
witPercentage: 85.71428571428571, original: 7, reduced: 1
getCode: 221039 ns
witPercentage: 85.71428571428571, original: 7, reduced: 1
getCode: 293053 ns
witPercentage: 85.71428571428571, original: 7, reduced: 1
getCode: 190910 ns
witPercentage: 87.5, original: 8, reduced: 1
getCode: 4396081 ns
witPercentage: 85.71428571428571, original: 7, reduced: 1
getCode: 222741 ns
witPercentage: 83.33333333333333, original: 6, reduced: 1
getCode: 165659 ns
witPercentage: 83.33333333333333, original: 6, reduced: 1
getCode: 235681 ns
witPercentage: 85.71428571428571, original: 7, reduced: 1
getCode: 200697 ns
witPercentage: 83.33333333333333, original: 6, reduced: 1
getCode: 199401 ns
witPercentage: 83.33333333333333, original: 6, reduced: 1
getCode: 201787 ns
witPercentage: 83.33333333333333, original: 6, reduced: 1
getCode: 199947 ns
witPercentage: 85.71428571428571, original: 7, reduced: 1
getCode: 230765 ns
witPercentage: 85.71428571428571, original: 7, reduced: 1
getCode: 238501 ns
witPercentage: 85.71428571428571, original: 7, reduced: 1
getAccount: 134060 ns
witPercentage: 83.33333333333333, original: 6, reduced: 1
getCode: 200575 ns
witPercentage: 85.71428571428571, original: 7, reduced: 1
getCode: 244667 ns
witPercentage: 85.71428571428571, original: 7, reduced: 1
getCode: 191988 ns
witPercentage: 85.71428571428571, original: 7, reduced: 1
getCode: 185884 ns
witPercentage: 83.33333333333333, original: 6, reduced: 1
getCode: 191081 ns
witPercentage: 83.33333333333333, original: 6, reduced: 1
getCode: 187748 ns
witPercentage: 85.71428571428571, original: 7, reduced: 1
getCode: 202908 ns
witPercentage: 85.71428571428571, original: 7, reduced: 1
getCode: 184992 ns
witPercentage: 85.71428571428571, original: 7, reduced: 1
getCode: 219081 ns
witPercentage: 85.71428571428571, original: 7, reduced: 1
getCode: 199684 ns
witPercentage: 87.5, original: 8, reduced: 1
getCode: 646327 ns
witPercentage: 85.71428571428571, original: 7, reduced: 1
getCode: 202188 ns
witPercentage: 85.71428571428571, original: 7, reduced: 1
getCode: 228214 ns
witPercentage: 85.71428571428571, original: 7, reduced: 1
getCode: 314774 ns
witPercentage: 85.71428571428571, original: 7, reduced: 1
getCode: 208744 ns
witPercentage: 85.71428571428571, original: 7, reduced: 1
getCode: 214508 ns
witPercentage: 83.33333333333333, original: 6, reduced: 1
getCode: 217728 ns
witPercentage: 85.71428571428571, original: 7, reduced: 1
getCode: 207914 ns
witPercentage: 83.33333333333333, original: 6, reduced: 1
getCode: 200211 ns
witPercentage: 85.71428571428571, original: 7, reduced: 1
getCode: 202198 ns
witPercentage: 85.71428571428571, original: 7, reduced: 1
getCode: 186521 ns
witPercentage: 85.71428571428571, original: 7, reduced: 1
getCode: 202398 ns
witPercentage: 85.71428571428571, original: 7, reduced: 1
getCode: 206381 ns
witPercentage: 85.71428571428571, original: 7, reduced: 1
getCode: 189636 ns
witPercentage: 85.71428571428571, original: 7, reduced: 1
getCode: 4689741 ns
witPercentage: 85.71428571428571, original: 7, reduced: 1
getCode: 322358 ns
witPercentage: 85.71428571428571, original: 7, reduced: 1
getCode: 214292 ns
witPercentage: 85.71428571428571, original: 7, reduced: 1
getCode: 311384 ns
witPercentage: 83.33333333333333, original: 6, reduced: 1
getCode: 209205 ns
witPercentage: 83.33333333333333, original: 6, reduced: 1
getCode: 304426 ns
witPercentage: 83.33333333333333, original: 6, reduced: 1
getCode: 210204 ns
witPercentage: 83.33333333333333, original: 6, reduced: 1
getCode: 310151 ns
witPercentage: 85.71428571428571, original: 7, reduced: 1
getCode: 224655 ns
witPercentage: 83.33333333333333, original: 6, reduced: 1
getCode: 317997 ns
witPercentage: 85.71428571428571, original: 7, reduced: 1
getCode: 192980 ns
witPercentage: 85.71428571428571, original: 7, reduced: 1
getCode: 220951 ns
witPercentage: 85.71428571428571, original: 7, reduced: 1
getCode: 203251 ns
witPercentage: 85.71428571428571, original: 7, reduced: 1
getCode: 305502 ns
witPercentage: 85.71428571428571, original: 7, reduced: 1
getCode: 208275 ns
witPercentage: 85.71428571428571, original: 7, reduced: 1
getCode: 203394 ns
witPercentage: 83.33333333333333, original: 6, reduced: 1
getCode: 203268 ns
witPercentage: 85.71428571428571, original: 7, reduced: 1
getCode: 200678 ns
witPercentage: 87.5, original: 8, reduced: 1
getCode: 209018 ns
witPercentage: 85.71428571428571, original: 7, reduced: 1
getCode: 202522 ns
witPercentage: 85.71428571428571, original: 7, reduced: 1
getCode: 206478 ns
witPercentage: 83.33333333333333, original: 6, reduced: 1
getAccount: 158743 ns
witPercentage: 85.71428571428571, original: 7, reduced: 1
getAccount: 179204 ns
witPercentage: 85.71428571428571, original: 7, reduced: 1
getCode: 208281 ns
witPercentage: 83.33333333333333, original: 6, reduced: 1
getCode: 244194 ns
witPercentage: 85.71428571428571, original: 7, reduced: 1
getCode: 199605 ns
witPercentage: 85.71428571428571, original: 7, reduced: 1
getCode: 202621 ns
witPercentage: 85.71428571428571, original: 7, reduced: 1
getCode: 328915 ns
witPercentage: 87.5, original: 8, reduced: 1
getCode: 207455 ns
witPercentage: 85.71428571428571, original: 7, reduced: 1
getCode: 226152 ns
witPercentage: 85.71428571428571, original: 7, reduced: 1
getCode: 177232 ns
witPercentage: 85.71428571428571, original: 7, reduced: 1
getCode: 201841 ns
witPercentage: 85.71428571428571, original: 7, reduced: 1
getCode: 203921 ns
witPercentage: 83.33333333333333, original: 6, reduced: 1
getCode: 203255 ns
witPercentage: 83.33333333333333, original: 6, reduced: 1
getCode: 318692 ns
witPercentage: 85.71428571428571, original: 7, reduced: 1
getCode: 215094 ns
witPercentage: 85.71428571428571, original: 7, reduced: 1
getCode: 4921837 ns
witPercentage: 85.71428571428571, original: 7, reduced: 1
getCode: 193437 ns
witPercentage: 85.71428571428571, original: 7, reduced: 1
getCode: 176597 ns
witPercentage: 85.71428571428571, original: 7, reduced: 1
getCode: 206201 ns
witPercentage: 83.33333333333333, original: 6, reduced: 1
getCode: 208504 ns
witPercentage: 85.71428571428571, original: 7, reduced: 1
getAccount: 248774 ns
witPercentage: 85.71428571428571, original: 7, reduced: 1
getCode: 312372 ns
witPercentage: 85.71428571428571, original: 7, reduced: 1
getCode: 207498 ns
witPercentage: 85.71428571428571, original: 7, reduced: 1
getCode: 206588 ns
witPercentage: 85.71428571428571, original: 7, reduced: 1
getCode: 201437 ns
witPercentage: 87.5, original: 8, reduced: 1
getCode: 203641 ns
witPercentage: 85.71428571428571, original: 7, reduced: 1
getCode: 302977 ns
witPercentage: 83.33333333333333, original: 6, reduced: 1
getCode: 192011 ns
witPercentage: 85.71428571428571, original: 7, reduced: 1
getCode: 175353 ns
witPercentage: 85.71428571428571, original: 7, reduced: 1
getCode: 229421 ns
witPercentage: 83.33333333333333, original: 6, reduced: 1
getCode: 202728 ns
witPercentage: 83.33333333333333, original: 6, reduced: 1
getCode: 201748 ns
witPercentage: 85.71428571428571, original: 7, reduced: 1
getCode: 202318 ns
witPercentage: 85.71428571428571, original: 7, reduced: 1
getCode: 202361 ns
witPercentage: 83.33333333333333, original: 6, reduced: 1
getCode: 209782 ns
witPercentage: 85.71428571428571, original: 7, reduced: 1
getCode: 204797 ns
witPercentage: 83.33333333333333, original: 6, reduced: 1
getCode: 203551 ns
witPercentage: 83.33333333333333, original: 6, reduced: 1
getCode: 203178 ns
witPercentage: 87.5, original: 8, reduced: 1
getCode: 213598 ns
witPercentage: 83.33333333333333, original: 6, reduced: 1
getCode: 219298 ns
witPercentage: 85.71428571428571, original: 7, reduced: 1
getCode: 199939 ns
witPercentage: 83.33333333333333, original: 6, reduced: 1
getCode: 200321 ns
witPercentage: 83.33333333333333, original: 6, reduced: 1
getCode: 199921 ns
witPercentage: 85.71428571428571, original: 7, reduced: 1
getCode: 227462 ns
witPercentage: 85.71428571428571, original: 7, reduced: 1
getCode: 220421 ns
witPercentage: 85.71428571428571, original: 7, reduced: 1
getCode: 215988 ns
witPercentage: 85.71428571428571, original: 7, reduced: 1
getCode: 205154 ns
witPercentage: 85.71428571428571, original: 7, reduced: 1
getCode: 224371 ns
witPercentage: 85.71428571428571, original: 7, reduced: 1
getCode: 203965 ns
witPercentage: 85.71428571428571, original: 7, reduced: 1
getCode: 186912 ns
witPercentage: 83.33333333333333, original: 6, reduced: 1
getCode: 4747571 ns
witPercentage: 85.71428571428571, original: 7, reduced: 1
getCode: 201977 ns
witPercentage: 83.33333333333333, original: 6, reduced: 1
getCode: 202704 ns
witPercentage: 85.71428571428571, original: 7, reduced: 1
getCode: 177568 ns
witPercentage: 83.33333333333333, original: 6, reduced: 1
getCode: 198978 ns
witPercentage: 85.71428571428571, original: 7, reduced: 1
getCode: 202245 ns
witPercentage: 85.71428571428571, original: 7, reduced: 1
getCode: 219181 ns
witPercentage: 83.33333333333333, original: 6, reduced: 1
getCode: 301152 ns
witPercentage: 83.33333333333333, original: 6, reduced: 1
getCode: 207728 ns
witPercentage: 85.71428571428571, original: 7, reduced: 1
getCode: 231771 ns
witPercentage: 85.71428571428571, original: 7, reduced: 1
getCode: 189514 ns
witPercentage: 85.71428571428571, original: 7, reduced: 1
getCode: 216673 ns
witPercentage: 85.71428571428571, original: 7, reduced: 1
getCode: 186795 ns
witPercentage: 85.71428571428571, original: 7, reduced: 1
getCode: 201405 ns
witPercentage: 85.71428571428571, original: 7, reduced: 1
getCode: 204704 ns
witPercentage: 85.71428571428571, original: 7, reduced: 1
getCode: 201985 ns
witPercentage: 85.71428571428571, original: 7, reduced: 1
getCode: 204554 ns
witPercentage: 83.33333333333333, original: 6, reduced: 1
getCode: 202671 ns
witPercentage: 85.71428571428571, original: 7, reduced: 1
getCode: 345122 ns
witPercentage: 85.71428571428571, original: 7, reduced: 1
getCode: 212484 ns
witPercentage: 85.71428571428571, original: 7, reduced: 1
getCode: 200821 ns
witPercentage: 85.71428571428571, original: 7, reduced: 1
getCode: 203598 ns
witPercentage: 87.5, original: 8, reduced: 1
getCode: 177975 ns
witPercentage: 85.71428571428571, original: 7, reduced: 1
getCode: 198888 ns
witPercentage: 83.33333333333333, original: 6, reduced: 1
getCode: 213808 ns
witPercentage: 85.71428571428571, original: 7, reduced: 1
getCode: 206194 ns
witPercentage: 83.33333333333333, original: 6, reduced: 1
getCode: 206278 ns
witPercentage: 83.33333333333333, original: 6, reduced: 1
getCode: 200841 ns
witPercentage: 85.71428571428571, original: 7, reduced: 1
getCode: 211686 ns
witPercentage: 83.33333333333333, original: 6, reduced: 1
getCode: 187715 ns
witPercentage: 85.71428571428571, original: 7, reduced: 1
getCode: 211317 ns
witPercentage: 85.71428571428571, original: 7, reduced: 1
getCode: 200088 ns
witPercentage: 83.33333333333333, original: 6, reduced: 1
getCode: 204447 ns
witPercentage: 85.71428571428571, original: 7, reduced: 1
getCode: 211114 ns
witPercentage: 83.33333333333333, original: 6, reduced: 1
getCode: 202414 ns
witPercentage: 83.33333333333333, original: 6, reduced: 1
getCode: 186878 ns
witPercentage: 85.71428571428571, original: 7, reduced: 1
getCode: 187011 ns
witPercentage: 83.33333333333333, original: 6, reduced: 1
getCode: 204483 ns
witPercentage: 85.71428571428571, original: 7, reduced: 1
getCode: 189090 ns
witPercentage: 85.71428571428571, original: 7, reduced: 1
getCode: 210948 ns
witPercentage: 85.71428571428571, original: 7, reduced: 1
getCode: 200385 ns
witPercentage: 85.71428571428571, original: 7, reduced: 1
getCode: 201797 ns
witPercentage: 85.71428571428571, original: 7, reduced: 1
getCode: 206791 ns
witPercentage: 85.71428571428571, original: 7, reduced: 1
getCode: 209561 ns
witPercentage: 85.71428571428571, original: 7, reduced: 1
getCode: 204221 ns
witPercentage: 83.33333333333333, original: 6, reduced: 1
getCode: 202058 ns
witPercentage: 85.71428571428571, original: 7, reduced: 1
getCode: 223364 ns
witPercentage: 85.71428571428571, original: 7, reduced: 1
getCode: 189311 ns
witPercentage: 85.71428571428571, original: 7, reduced: 1
getCode: 201754 ns
witPercentage: 83.33333333333333, original: 6, reduced: 1
getCode: 200258 ns
witPercentage: 83.33333333333333, original: 6, reduced: 1
getCode: 201241 ns
witPercentage: 85.71428571428571, original: 7, reduced: 1
getCode: 219344 ns
witPercentage: 85.71428571428571, original: 7, reduced: 1
getCode: 222408 ns
witPercentage: 85.71428571428571, original: 7, reduced: 1
getCode: 177843 ns
witPercentage: 83.33333333333333, original: 6, reduced: 1
getCode: 201724 ns
witPercentage: 85.71428571428571, original: 7, reduced: 1
getCode: 242915 ns
witPercentage: 83.33333333333333, original: 6, reduced: 1
getCode: 202235 ns
witPercentage: 85.71428571428571, original: 7, reduced: 1
getCode: 201104 ns
witPercentage: 85.71428571428571, original: 7, reduced: 1
getCode: 206781 ns
witPercentage: 83.33333333333333, original: 6, reduced: 1
getCode: 203718 ns
witPercentage: 83.33333333333333, original: 6, reduced: 1
getCode: 204194 ns
witPercentage: 85.71428571428571, original: 7, reduced: 1
getCode: 202914 ns
witPercentage: 85.71428571428571, original: 7, reduced: 1
getCode: 188488 ns
witPercentage: 85.71428571428571, original: 7, reduced: 1
getCode: 188195 ns
witPercentage: 85.71428571428571, original: 7, reduced: 1
getCode: 203874 ns
witPercentage: 83.33333333333333, original: 6, reduced: 1
getCode: 223454 ns
witPercentage: 87.5, original: 8, reduced: 1
getCode: 203144 ns
witPercentage: 83.33333333333333, original: 6, reduced: 1
getCode: 205141 ns
witPercentage: 83.33333333333333, original: 6, reduced: 1
getCode: 199278 ns
witPercentage: 83.33333333333333, original: 6, reduced: 1
getCode: 212501 ns
witPercentage: 85.71428571428571, original: 7, reduced: 1
getCode: 199721 ns
witPercentage: 83.33333333333333, original: 6, reduced: 1
getCode: 12054056 ns
witPercentage: 85.71428571428571, original: 7, reduced: 1
getCode: 212138 ns
