Storage shard 8 initialized to 69e5eb48ee256da03db5d894a4309a7d367c8a31d773a9c217c97d5bf021e702
Storage shard 8 running on 0.0.0.0:9108
witPercentage: 83.33333333333333, original: 6, reduced: 1
getCode: 4613966 ns
witPercentage: 71.42857142857143, original: 7, reduced: 2
getCode: 619709 ns
witPercentage: 71.42857142857143, original: 7, reduced: 2
getAccount: 752856 ns
witPercentage: 71.42857142857143, original: 7, reduced: 2
getAccount: 321217 ns
witPercentage: 83.33333333333333, original: 6, reduced: 1
getCode: 272767 ns
witPercentage: 71.42857142857143, original: 7, reduced: 2
getAccount: 326791 ns
witPercentage: 83.33333333333333, original: 6, reduced: 1
getAccount: 202474 ns
witPercentage: 83.33333333333333, original: 6, reduced: 1
getCode: 241894 ns
witPercentage: 83.33333333333333, original: 6, reduced: 1
getAccount: 173797 ns
witPercentage: 71.42857142857143, original: 7, reduced: 2
getAccount: 294531 ns
witPercentage: 71.42857142857143, original: 7, reduced: 2
getAccount: 260575 ns
witPercentage: 71.42857142857143, original: 7, reduced: 2
getCode: 331818 ns
witPercentage: 71.42857142857143, original: 7, reduced: 2
getCode: 369281 ns
witPercentage: 83.33333333333333, original: 6, reduced: 1
getCode: 268797 ns
witPercentage: 71.42857142857143, original: 7, reduced: 2
getCode: 338864 ns
witPercentage: 83.33333333333333, original: 6, reduced: 1
getCode: 248504 ns
witPercentage: 83.33333333333333, original: 6, reduced: 1
getAccount: 190448 ns
witPercentage: 71.42857142857143, original: 7, reduced: 2
getCode: 383278 ns
witPercentage: 71.42857142857143, original: 7, reduced: 2
getAccount: 303271 ns
witPercentage: 71.42857142857143, original: 7, reduced: 2
getCode: 334875 ns
witPercentage: 83.33333333333333, original: 6, reduced: 1
getAccount: 169035 ns
witPercentage: 83.33333333333333, original: 6, reduced: 1
getAccount: 181974 ns
witPercentage: 71.42857142857143, original: 7, reduced: 2
getAccount: 316245 ns
witPercentage: 71.42857142857143, original: 7, reduced: 2
getAccount: 241268 ns
witPercentage: 83.33333333333333, original: 6, reduced: 1
getCode: 242163 ns
witPercentage: 71.42857142857143, original: 7, reduced: 2
getAccount: 254684 ns
witPercentage: 71.42857142857143, original: 7, reduced: 2
getCode: 358038 ns
witPercentage: 83.33333333333333, original: 6, reduced: 1
getAccount: 159123 ns
witPercentage: 71.42857142857143, original: 7, reduced: 2
getCode: 349728 ns
witPercentage: 83.33333333333333, original: 6, reduced: 1
getAccount: 188963 ns
witPercentage: 71.42857142857143, original: 7, reduced: 2
getAccount: 271264 ns
witPercentage: 71.42857142857143, original: 7, reduced: 2
getCode: 382050 ns
witPercentage: 71.42857142857143, original: 7, reduced: 2
getCode: 351787 ns
witPercentage: 83.33333333333333, original: 6, reduced: 1
getCode: 264284 ns
witPercentage: 71.42857142857143, original: 7, reduced: 2
getAccount: 261659 ns
witPercentage: 71.42857142857143, original: 7, reduced: 2
getAccount: 272794 ns
witPercentage: 71.42857142857143, original: 7, reduced: 2
getCode: 351712 ns
witPercentage: 71.42857142857143, original: 7, reduced: 2
getAccount: 250244 ns
witPercentage: 83.33333333333333, original: 6, reduced: 1
getAccount: 176751 ns
witPercentage: 62.5, original: 8, reduced: 3
getAccount: 484567 ns
witPercentage: 83.33333333333333, original: 6, reduced: 1
getCode: 250617 ns
witPercentage: 62.5, original: 8, reduced: 3
getCode: 417223 ns
witPercentage: 83.33333333333333, original: 6, reduced: 1
getCode: 293421 ns
witPercentage: 71.42857142857143, original: 7, reduced: 2
getAccount: 303871 ns
witPercentage: 83.33333333333333, original: 6, reduced: 1
getCode: 261460 ns
witPercentage: 83.33333333333333, original: 6, reduced: 1
getCode: 225068 ns
witPercentage: 71.42857142857143, original: 7, reduced: 2
getAccount: 262188 ns
witPercentage: 71.42857142857143, original: 7, reduced: 2
getAccount: 334114 ns
witPercentage: 71.42857142857143, original: 7, reduced: 2
getCode: 356859 ns
witPercentage: 83.33333333333333, original: 6, reduced: 1
getCode: 238886 ns
witPercentage: 83.33333333333333, original: 6, reduced: 1
getAccount: 183760 ns
witPercentage: 71.42857142857143, original: 7, reduced: 2
getAccount: 261253 ns
witPercentage: 83.33333333333333, original: 6, reduced: 1
getCode: 273895 ns
witPercentage: 71.42857142857143, original: 7, reduced: 2
getAccount: 279784 ns
witPercentage: 71.42857142857143, original: 7, reduced: 2
getCode: 335524 ns
witPercentage: 71.42857142857143, original: 7, reduced: 2
getCode: 342417 ns
witPercentage: 83.33333333333333, original: 6, reduced: 1
getCode: 247244 ns
witPercentage: 83.33333333333333, original: 6, reduced: 1
getAccount: 209521 ns
witPercentage: 71.42857142857143, original: 7, reduced: 2
getCode: 20775449 ns
witPercentage: 71.42857142857143, original: 7, reduced: 2
getCode: 378708 ns
witPercentage: 71.42857142857143, original: 7, reduced: 2
getCode: 357324 ns
witPercentage: 83.33333333333333, original: 6, reduced: 1
getCode: 217411 ns
witPercentage: 62.5, original: 8, reduced: 3
getCode: 484392 ns
witPercentage: 71.42857142857143, original: 7, reduced: 2
getCode: 335104 ns
witPercentage: 62.5, original: 8, reduced: 3
getCode: 404721 ns
witPercentage: 62.5, original: 8, reduced: 3
getAccount: 406725 ns
witPercentage: 71.42857142857143, original: 7, reduced: 2
getAccount: 293408 ns
witPercentage: 83.33333333333333, original: 6, reduced: 1
getCode: 286195 ns
witPercentage: 71.42857142857143, original: 7, reduced: 2
getCode: 332184 ns
witPercentage: 83.33333333333333, original: 6, reduced: 1
getAccount: 177486 ns
witPercentage: 83.33333333333333, original: 6, reduced: 1
getCode: 259755 ns
witPercentage: 71.42857142857143, original: 7, reduced: 2
getAccount: 292841 ns
witPercentage: 71.42857142857143, original: 7, reduced: 2
getCode: 363211 ns
witPercentage: 71.42857142857143, original: 7, reduced: 2
getAccount: 294305 ns
witPercentage: 83.33333333333333, original: 6, reduced: 1
getCode: 254367 ns
witPercentage: 71.42857142857143, original: 7, reduced: 2
getCode: 7416720 ns
witPercentage: 71.42857142857143, original: 7, reduced: 2
getAccount: 315201 ns
witPercentage: 83.33333333333333, original: 6, reduced: 1
getAccount: 195951 ns
witPercentage: 71.42857142857143, original: 7, reduced: 2
getCode: 357656 ns
witPercentage: 83.33333333333333, original: 6, reduced: 1
getCode: 243832 ns
witPercentage: 83.33333333333333, original: 6, reduced: 1
getAccount: 195920 ns
witPercentage: 83.33333333333333, original: 6, reduced: 1
getCode: 243986 ns
witPercentage: 71.42857142857143, original: 7, reduced: 2
getAccount: 279512 ns
witPercentage: 71.42857142857143, original: 7, reduced: 2
getAccount: 328798 ns
witPercentage: 71.42857142857143, original: 7, reduced: 2
getCode: 376685 ns
witPercentage: 83.33333333333333, original: 6, reduced: 1
getCode: 262066 ns
witPercentage: 83.33333333333333, original: 6, reduced: 1
getAccount: 198328 ns
witPercentage: 71.42857142857143, original: 7, reduced: 2
getCode: 345893 ns
witPercentage: 55.55555555555556, original: 9, reduced: 4
getAccount: 719131 ns
witPercentage: 83.33333333333333, original: 6, reduced: 1
getAccount: 192578 ns
witPercentage: 83.33333333333333, original: 6, reduced: 1
getAccount: 198006 ns
witPercentage: 71.42857142857143, original: 7, reduced: 2
getAccount: 310151 ns
witPercentage: 62.5, original: 8, reduced: 3
getCode: 469564 ns
witPercentage: 83.33333333333333, original: 6, reduced: 1
getAccount: 196910 ns
witPercentage: 83.33333333333333, original: 6, reduced: 1
getAccount: 190207 ns
witPercentage: 83.33333333333333, original: 6, reduced: 1
getCode: 282261 ns
witPercentage: 71.42857142857143, original: 7, reduced: 2
getCode: 3473405 ns
witPercentage: 83.33333333333333, original: 6, reduced: 1
getCode: 240050 ns
witPercentage: 83.33333333333333, original: 6, reduced: 1
getCode: 270637 ns
witPercentage: 71.42857142857143, original: 7, reduced: 2
getCode: 351508 ns
witPercentage: 71.42857142857143, original: 7, reduced: 2
getAccount: 268557 ns
witPercentage: 71.42857142857143, original: 7, reduced: 2
getCode: 338161 ns
witPercentage: 83.33333333333333, original: 6, reduced: 1
getCode: 256711 ns
witPercentage: 83.33333333333333, original: 6, reduced: 1
getCode: 238220 ns
witPercentage: 71.42857142857143, original: 7, reduced: 2
getAccount: 294087 ns
witPercentage: 83.33333333333333, original: 6, reduced: 1
getCode: 234016 ns
witPercentage: 71.42857142857143, original: 7, reduced: 2
getCode: 349831 ns
witPercentage: 71.42857142857143, original: 7, reduced: 2
getCode: 331977 ns
witPercentage: 83.33333333333333, original: 6, reduced: 1
getCode: 244827 ns
witPercentage: 71.42857142857143, original: 7, reduced: 2
getAccount: 318238 ns
witPercentage: 83.33333333333333, original: 6, reduced: 1
getAccount: 205494 ns
witPercentage: 71.42857142857143, original: 7, reduced: 2
getCode: 389861 ns
witPercentage: 71.42857142857143, original: 7, reduced: 2
getAccount: 252140 ns
witPercentage: 83.33333333333333, original: 6, reduced: 1
getAccount: 165923 ns
witPercentage: 71.42857142857143, original: 7, reduced: 2
getCode: 344734 ns
witPercentage: 62.5, original: 8, reduced: 3
getCode: 421409 ns
witPercentage: 71.42857142857143, original: 7, reduced: 2
getCode: 5409667 ns
witPercentage: 71.42857142857143, original: 7, reduced: 2
getCode: 362578 ns
witPercentage: 83.33333333333333, original: 6, reduced: 1
getCode: 229567 ns
witPercentage: 83.33333333333333, original: 6, reduced: 1
getCode: 252225 ns
witPercentage: 71.42857142857143, original: 7, reduced: 2
getAccount: 293971 ns
witPercentage: 71.42857142857143, original: 7, reduced: 2
getCode: 5789704 ns
witPercentage: 83.33333333333333, original: 6, reduced: 1
getCode: 245274 ns
witPercentage: 71.42857142857143, original: 7, reduced: 2
getCode: 351498 ns
witPercentage: 62.5, original: 8, reduced: 3
getCode: 465151 ns
witPercentage: 71.42857142857143, original: 7, reduced: 2
getCode: 376878 ns
witPercentage: 83.33333333333333, original: 6, reduced: 1
getCode: 260458 ns
witPercentage: 71.42857142857143, original: 7, reduced: 2
getCode: 341768 ns
witPercentage: 83.33333333333333, original: 6, reduced: 1
getAccount: 168584 ns
witPercentage: 71.42857142857143, original: 7, reduced: 2
getCode: 396861 ns
witPercentage: 71.42857142857143, original: 7, reduced: 2
getCode: 361608 ns
witPercentage: 71.42857142857143, original: 7, reduced: 2
getCode: 356515 ns
witPercentage: 83.33333333333333, original: 6, reduced: 1
getAccount: 153324 ns
witPercentage: 71.42857142857143, original: 7, reduced: 2
getAccount: 299865 ns
witPercentage: 83.33333333333333, original: 6, reduced: 1
getAccount: 176795 ns
witPercentage: 83.33333333333333, original: 6, reduced: 1
getCode: 238494 ns
witPercentage: 83.33333333333333, original: 6, reduced: 1
getCode: 258901 ns
witPercentage: 71.42857142857143, original: 7, reduced: 2
getAccount: 281457 ns
witPercentage: 71.42857142857143, original: 7, reduced: 2
getCode: 362845 ns
witPercentage: 71.42857142857143, original: 7, reduced: 2
getAccount: 259859 ns
witPercentage: 83.33333333333333, original: 6, reduced: 1
getCode: 250981 ns
witPercentage: 71.42857142857143, original: 7, reduced: 2
getCode: 358931 ns
witPercentage: 83.33333333333333, original: 6, reduced: 1
getAccount: 167561 ns
witPercentage: 71.42857142857143, original: 7, reduced: 2
getCode: 389385 ns
witPercentage: 71.42857142857143, original: 7, reduced: 2
getCode: 352709 ns
witPercentage: 55.55555555555556, original: 9, reduced: 4
getCode: 5270016 ns
witPercentage: 62.5, original: 8, reduced: 3
getCode: 423961 ns
witPercentage: 71.42857142857143, original: 7, reduced: 2
getCode: 609826 ns
witPercentage: 71.42857142857143, original: 7, reduced: 2
getCode: 366234 ns
witPercentage: 62.5, original: 8, reduced: 3
getCode: 492825 ns
witPercentage: 71.42857142857143, original: 7, reduced: 2
getCode: 410391 ns
witPercentage: 83.33333333333333, original: 6, reduced: 1
getCode: 236087 ns
witPercentage: 71.42857142857143, original: 7, reduced: 2
getCode: 356834 ns
witPercentage: 71.42857142857143, original: 7, reduced: 2
getAccount: 283731 ns
witPercentage: 71.42857142857143, original: 7, reduced: 2
getCode: 344468 ns
witPercentage: 71.42857142857143, original: 7, reduced: 2
getCode: 343721 ns
witPercentage: 83.33333333333333, original: 6, reduced: 1
getAccount: 175164 ns
witPercentage: 71.42857142857143, original: 7, reduced: 2
getCode: 413585 ns
witPercentage: 83.33333333333333, original: 6, reduced: 1
getCode: 258794 ns
witPercentage: 71.42857142857143, original: 7, reduced: 2
getAccount: 285048 ns
witPercentage: 55.55555555555556, original: 9, reduced: 4
getCode: 775582 ns
witPercentage: 71.42857142857143, original: 7, reduced: 2
getAccount: 4636999 ns
witPercentage: 83.33333333333333, original: 6, reduced: 1
getAccount: 162188 ns
witPercentage: 71.42857142857143, original: 7, reduced: 2
getCode: 344041 ns
witPercentage: 71.42857142857143, original: 7, reduced: 2
getAccount: 298754 ns
witPercentage: 83.33333333333333, original: 6, reduced: 1
getCode: 237101 ns
witPercentage: 71.42857142857143, original: 7, reduced: 2
getCode: 399841 ns
witPercentage: 83.33333333333333, original: 6, reduced: 1
getCode: 235053 ns
witPercentage: 71.42857142857143, original: 7, reduced: 2
getCode: 358461 ns
witPercentage: 62.5, original: 8, reduced: 3
getAccount: 350514 ns
witPercentage: 71.42857142857143, original: 7, reduced: 2
getCode: 360748 ns
witPercentage: 83.33333333333333, original: 6, reduced: 1
getAccount: 160761 ns
witPercentage: 71.42857142857143, original: 7, reduced: 2
getCode: 381942 ns
witPercentage: 71.42857142857143, original: 7, reduced: 2
getCode: 331851 ns
witPercentage: 62.5, original: 8, reduced: 3
getAccount: 399021 ns
witPercentage: 71.42857142857143, original: 7, reduced: 2
getAccount: 276506 ns
witPercentage: 71.42857142857143, original: 7, reduced: 2
getAccount: 297449 ns
witPercentage: 83.33333333333333, original: 6, reduced: 1
getCode: 252280 ns
witPercentage: 71.42857142857143, original: 7, reduced: 2
getAccount: 323458 ns
witPercentage: 62.5, original: 8, reduced: 3
getAccount: 404113 ns
witPercentage: 71.42857142857143, original: 7, reduced: 2
getCode: 356632 ns
witPercentage: 83.33333333333333, original: 6, reduced: 1
getCode: 237294 ns
witPercentage: 83.33333333333333, original: 6, reduced: 1
getCode: 221571 ns
witPercentage: 71.42857142857143, original: 7, reduced: 2
getCode: 4337622 ns
witPercentage: 83.33333333333333, original: 6, reduced: 1
getCode: 261037 ns
witPercentage: 71.42857142857143, original: 7, reduced: 2
getCode: 390048 ns
witPercentage: 71.42857142857143, original: 7, reduced: 2
getAccount: 304357 ns
witPercentage: 62.5, original: 8, reduced: 3
getAccount: 432051 ns
witPercentage: 71.42857142857143, original: 7, reduced: 2
getCode: 358954 ns
witPercentage: 71.42857142857143, original: 7, reduced: 2
getCode: 383518 ns
witPercentage: 71.42857142857143, original: 7, reduced: 2
getCode: 347141 ns
witPercentage: 71.42857142857143, original: 7, reduced: 2
getAccount: 268447 ns
witPercentage: 71.42857142857143, original: 7, reduced: 2
getAccount: 281776 ns
witPercentage: 83.33333333333333, original: 6, reduced: 1
getCode: 244431 ns
witPercentage: 71.42857142857143, original: 7, reduced: 2
getCode: 349524 ns
witPercentage: 83.33333333333333, original: 6, reduced: 1
getCode: 253618 ns
witPercentage: 71.42857142857143, original: 7, reduced: 2
getCode: 358971 ns
witPercentage: 71.42857142857143, original: 7, reduced: 2
getCode: 361671 ns
witPercentage: 71.42857142857143, original: 7, reduced: 2
getAccount: 307457 ns
witPercentage: 83.33333333333333, original: 6, reduced: 1
getCode: 267671 ns
witPercentage: 83.33333333333333, original: 6, reduced: 1
getAccount: 149890 ns
witPercentage: 83.33333333333333, original: 6, reduced: 1
getAccount: 165194 ns
witPercentage: 71.42857142857143, original: 7, reduced: 2
getAccount: 309728 ns
witPercentage: 71.42857142857143, original: 7, reduced: 2
getCode: 334380 ns
witPercentage: 55.55555555555556, original: 9, reduced: 4
getCode: 5038394 ns
witPercentage: 83.33333333333333, original: 6, reduced: 1
getCode: 238438 ns
witPercentage: 83.33333333333333, original: 6, reduced: 1
getCode: 266654 ns
witPercentage: 71.42857142857143, original: 7, reduced: 2
getCode: 447849 ns
witPercentage: 83.33333333333333, original: 6, reduced: 1
getCode: 243684 ns
witPercentage: 71.42857142857143, original: 7, reduced: 2
getCode: 371743 ns
witPercentage: 71.42857142857143, original: 7, reduced: 2
getAccount: 310629 ns
witPercentage: 71.42857142857143, original: 7, reduced: 2
getCode: 307669 ns
witPercentage: 71.42857142857143, original: 7, reduced: 2
getAccount: 279401 ns
witPercentage: 71.42857142857143, original: 7, reduced: 2
getCode: 406475 ns
witPercentage: 83.33333333333333, original: 6, reduced: 1
getAccount: 179438 ns
witPercentage: 83.33333333333333, original: 6, reduced: 1
getCode: 235237 ns
witPercentage: 62.5, original: 8, reduced: 3
getCode: 429298 ns
witPercentage: 83.33333333333333, original: 6, reduced: 1
getCode: 252198 ns
witPercentage: 83.33333333333333, original: 6, reduced: 1
getCode: 220653 ns
witPercentage: 71.42857142857143, original: 7, reduced: 2
getCode: 327705 ns
witPercentage: 71.42857142857143, original: 7, reduced: 2
getCode: 341041 ns
witPercentage: 71.42857142857143, original: 7, reduced: 2
getCode: 357551 ns
witPercentage: 83.33333333333333, original: 6, reduced: 1
getCode: 263241 ns
witPercentage: 83.33333333333333, original: 6, reduced: 1
getCode: 249657 ns
witPercentage: 71.42857142857143, original: 7, reduced: 2
getCode: 347475 ns
witPercentage: 62.5, original: 8, reduced: 3
getAccount: 416454 ns
witPercentage: 83.33333333333333, original: 6, reduced: 1
getAccount: 921871 ns
witPercentage: 71.42857142857143, original: 7, reduced: 2
getAccount: 5043964 ns
witPercentage: 71.42857142857143, original: 7, reduced: 2
getCode: 322524 ns
witPercentage: 71.42857142857143, original: 7, reduced: 2
getCode: 317864 ns
witPercentage: 83.33333333333333, original: 6, reduced: 1
getAccount: 172324 ns
witPercentage: 83.33333333333333, original: 6, reduced: 1
getCode: 225557 ns
witPercentage: 83.33333333333333, original: 6, reduced: 1
getCode: 237050 ns
witPercentage: 83.33333333333333, original: 6, reduced: 1
getCode: 226157 ns
witPercentage: 83.33333333333333, original: 6, reduced: 1
getCode: 228191 ns
witPercentage: 71.42857142857143, original: 7, reduced: 2
getCode: 371334 ns
witPercentage: 83.33333333333333, original: 6, reduced: 1
getCode: 239600 ns
witPercentage: 83.33333333333333, original: 6, reduced: 1
getCode: 233224 ns
witPercentage: 71.42857142857143, original: 7, reduced: 2
getAccount: 275651 ns
witPercentage: 83.33333333333333, original: 6, reduced: 1
getCode: 211341 ns
witPercentage: 71.42857142857143, original: 7, reduced: 2
getCode: 386252 ns
witPercentage: 62.5, original: 8, reduced: 3
getCode: 446152 ns
witPercentage: 83.33333333333333, original: 6, reduced: 1
getCode: 225011 ns
witPercentage: 83.33333333333333, original: 6, reduced: 1
getCode: 237431 ns
witPercentage: 83.33333333333333, original: 6, reduced: 1
getCode: 227584 ns
witPercentage: 83.33333333333333, original: 6, reduced: 1
getCode: 224518 ns
witPercentage: 71.42857142857143, original: 7, reduced: 2
getAccount: 273244 ns
witPercentage: 71.42857142857143, original: 7, reduced: 2
getCode: 329664 ns
witPercentage: 71.42857142857143, original: 7, reduced: 2
getCode: 318401 ns
witPercentage: 71.42857142857143, original: 7, reduced: 2
getCode: 289531 ns
witPercentage: 83.33333333333333, original: 6, reduced: 1
getCode: 242950 ns
witPercentage: 71.42857142857143, original: 7, reduced: 2
getCode: 336924 ns
witPercentage: 83.33333333333333, original: 6, reduced: 1
getCode: 244373 ns
witPercentage: 83.33333333333333, original: 6, reduced: 1
getAccount: 173105 ns
witPercentage: 71.42857142857143, original: 7, reduced: 2
getCode: 321211 ns
witPercentage: 62.5, original: 8, reduced: 3
getAccount: 321367 ns
witPercentage: 83.33333333333333, original: 6, reduced: 1
getCode: 215523 ns
witPercentage: 71.42857142857143, original: 7, reduced: 2
getCode: 345785 ns
witPercentage: 83.33333333333333, original: 6, reduced: 1
getCode: 216484 ns
witPercentage: 71.42857142857143, original: 7, reduced: 2
getCode: 360938 ns
witPercentage: 71.42857142857143, original: 7, reduced: 2
getAccount: 253841 ns
witPercentage: 71.42857142857143, original: 7, reduced: 2
getCode: 328608 ns
witPercentage: 83.33333333333333, original: 6, reduced: 1
getAccount: 140757 ns
witPercentage: 62.5, original: 8, reduced: 3
getCode: 401622 ns
witPercentage: 71.42857142857143, original: 7, reduced: 2
getAccount: 275483 ns
witPercentage: 71.42857142857143, original: 7, reduced: 2
getCode: 337014 ns
witPercentage: 71.42857142857143, original: 7, reduced: 2
getCode: 354894 ns
witPercentage: 83.33333333333333, original: 6, reduced: 1
getCode: 238471 ns
witPercentage: 71.42857142857143, original: 7, reduced: 2
getCode: 329248 ns
witPercentage: 83.33333333333333, original: 6, reduced: 1
getAccount: 164600 ns
witPercentage: 71.42857142857143, original: 7, reduced: 2
getCode: 350667 ns
witPercentage: 83.33333333333333, original: 6, reduced: 1
getAccount: 148150 ns
witPercentage: 71.42857142857143, original: 7, reduced: 2
getAccount: 317927 ns
witPercentage: 62.5, original: 8, reduced: 3
getCode: 445878 ns
witPercentage: 83.33333333333333, original: 6, reduced: 1
getCode: 216101 ns
witPercentage: 62.5, original: 8, reduced: 3
getCode: 4601738 ns
witPercentage: 83.33333333333333, original: 6, reduced: 1
getCode: 222314 ns
witPercentage: 83.33333333333333, original: 6, reduced: 1
getCode: 231507 ns
witPercentage: 71.42857142857143, original: 7, reduced: 2
getAccount: 289504 ns
witPercentage: 83.33333333333333, original: 6, reduced: 1
getCode: 223680 ns
witPercentage: 83.33333333333333, original: 6, reduced: 1
getAccount: 148821 ns
witPercentage: 71.42857142857143, original: 7, reduced: 2
getCode: 432931 ns
witPercentage: 83.33333333333333, original: 6, reduced: 1
getCode: 223114 ns
witPercentage: 71.42857142857143, original: 7, reduced: 2
getAccount: 299138 ns
witPercentage: 71.42857142857143, original: 7, reduced: 2
getCode: 334601 ns
witPercentage: 71.42857142857143, original: 7, reduced: 2
getCode: 312995 ns
witPercentage: 71.42857142857143, original: 7, reduced: 2
getCode: 320432 ns
witPercentage: 71.42857142857143, original: 7, reduced: 2
getAccount: 317707 ns
witPercentage: 71.42857142857143, original: 7, reduced: 2
getCode: 335534 ns
witPercentage: 71.42857142857143, original: 7, reduced: 2
getCode: 366198 ns
witPercentage: 71.42857142857143, original: 7, reduced: 2
getCode: 350038 ns
witPercentage: 83.33333333333333, original: 6, reduced: 1
getCode: 259245 ns
witPercentage: 71.42857142857143, original: 7, reduced: 2
getAccount: 2153867 ns
witPercentage: 71.42857142857143, original: 7, reduced: 2
getCode: 329333 ns
witPercentage: 71.42857142857143, original: 7, reduced: 2
getCode: 294520 ns
witPercentage: 71.42857142857143, original: 7, reduced: 2
getCode: 331385 ns
witPercentage: 83.33333333333333, original: 6, reduced: 1
getCode: 234697 ns
witPercentage: 71.42857142857143, original: 7, reduced: 2
getCode: 306672 ns
witPercentage: 71.42857142857143, original: 7, reduced: 2
getCode: 324712 ns
witPercentage: 83.33333333333333, original: 6, reduced: 1
getCode: 214991 ns
witPercentage: 83.33333333333333, original: 6, reduced: 1
getCode: 233001 ns
witPercentage: 71.42857142857143, original: 7, reduced: 2
getCode: 361878 ns
witPercentage: 71.42857142857143, original: 7, reduced: 2
getCode: 301746 ns
witPercentage: 71.42857142857143, original: 7, reduced: 2
getCode: 349976 ns
witPercentage: 71.42857142857143, original: 7, reduced: 2
getCode: 277835 ns
witPercentage: 83.33333333333333, original: 6, reduced: 1
getCode: 225071 ns
witPercentage: 71.42857142857143, original: 7, reduced: 2
getCode: 324974 ns
witPercentage: 71.42857142857143, original: 7, reduced: 2
getCode: 298161 ns
witPercentage: 71.42857142857143, original: 7, reduced: 2
getAccount: 270355 ns
witPercentage: 83.33333333333333, original: 6, reduced: 1
getCode: 255740 ns
witPercentage: 71.42857142857143, original: 7, reduced: 2
getCode: 286152 ns
witPercentage: 71.42857142857143, original: 7, reduced: 2
getCode: 561872 ns
witPercentage: 83.33333333333333, original: 6, reduced: 1
getCode: 206817 ns
witPercentage: 71.42857142857143, original: 7, reduced: 2
getAccount: 266834 ns
witPercentage: 71.42857142857143, original: 7, reduced: 2
getCode: 350728 ns
witPercentage: 83.33333333333333, original: 6, reduced: 1
getCode: 225363 ns
witPercentage: 71.42857142857143, original: 7, reduced: 2
getCode: 657721 ns
witPercentage: 83.33333333333333, original: 6, reduced: 1
getAccount: 154391 ns
witPercentage: 83.33333333333333, original: 6, reduced: 1
getCode: 210643 ns
witPercentage: 83.33333333333333, original: 6, reduced: 1
getCode: 215970 ns
witPercentage: 83.33333333333333, original: 6, reduced: 1
getCode: 246126 ns
witPercentage: 71.42857142857143, original: 7, reduced: 2
getCode: 331751 ns
witPercentage: 71.42857142857143, original: 7, reduced: 2
getCode: 321807 ns
witPercentage: 71.42857142857143, original: 7, reduced: 2
getCode: 4054003 ns
witPercentage: 71.42857142857143, original: 7, reduced: 2
getAccount: 255744 ns
witPercentage: 71.42857142857143, original: 7, reduced: 2
getCode: 321251 ns
witPercentage: 71.42857142857143, original: 7, reduced: 2
getCode: 275674 ns
witPercentage: 71.42857142857143, original: 7, reduced: 2
getCode: 320754 ns
witPercentage: 71.42857142857143, original: 7, reduced: 2
getAccount: 288208 ns
witPercentage: 83.33333333333333, original: 6, reduced: 1
getCode: 235806 ns
witPercentage: 71.42857142857143, original: 7, reduced: 2
getCode: 289256 ns
witPercentage: 83.33333333333333, original: 6, reduced: 1
getCode: 227463 ns
witPercentage: 83.33333333333333, original: 6, reduced: 1
getCode: 204921 ns
witPercentage: 71.42857142857143, original: 7, reduced: 2
getCode: 278532 ns
witPercentage: 83.33333333333333, original: 6, reduced: 1
getCode: 207021 ns
witPercentage: 71.42857142857143, original: 7, reduced: 2
getCode: 307884 ns
witPercentage: 83.33333333333333, original: 6, reduced: 1
getCode: 205015 ns
witPercentage: 71.42857142857143, original: 7, reduced: 2
getCode: 344177 ns
witPercentage: 71.42857142857143, original: 7, reduced: 2
getCode: 287534 ns
witPercentage: 71.42857142857143, original: 7, reduced: 2
getCode: 305715 ns
witPercentage: 83.33333333333333, original: 6, reduced: 1
getCode: 210344 ns
witPercentage: 83.33333333333333, original: 6, reduced: 1
getCode: 202899 ns
witPercentage: 71.42857142857143, original: 7, reduced: 2
getCode: 287624 ns
witPercentage: 71.42857142857143, original: 7, reduced: 2
getAccount: 272698 ns
witPercentage: 83.33333333333333, original: 6, reduced: 1
getCode: 205858 ns
witPercentage: 71.42857142857143, original: 7, reduced: 2
getCode: 269831 ns
witPercentage: 71.42857142857143, original: 7, reduced: 2
getCode: 290590 ns
witPercentage: 83.33333333333333, original: 6, reduced: 1
getCode: 219481 ns
witPercentage: 71.42857142857143, original: 7, reduced: 2
getCode: 330478 ns
witPercentage: 71.42857142857143, original: 7, reduced: 2
getCode: 318987 ns
witPercentage: 71.42857142857143, original: 7, reduced: 2
getCode: 305281 ns
witPercentage: 83.33333333333333, original: 6, reduced: 1
getCode: 202758 ns
witPercentage: 62.5, original: 8, reduced: 3
getCode: 418525 ns
witPercentage: 71.42857142857143, original: 7, reduced: 2
getCode: 296541 ns
witPercentage: 62.5, original: 8, reduced: 3
getCode: 347991 ns
witPercentage: 71.42857142857143, original: 7, reduced: 2
getCode: 274471 ns
witPercentage: 83.33333333333333, original: 6, reduced: 1
getCode: 209411 ns
witPercentage: 71.42857142857143, original: 7, reduced: 2
getCode: 303817 ns
witPercentage: 71.42857142857143, original: 7, reduced: 2
getCode: 292268 ns
witPercentage: 62.5, original: 8, reduced: 3
getCode: 404137 ns
witPercentage: 83.33333333333333, original: 6, reduced: 1
getCode: 216160 ns
witPercentage: 62.5, original: 8, reduced: 3
getCode: 349121 ns
witPercentage: 83.33333333333333, original: 6, reduced: 1
getCode: 202996 ns
witPercentage: 71.42857142857143, original: 7, reduced: 2
getCode: 324974 ns
witPercentage: 83.33333333333333, original: 6, reduced: 1
getCode: 186342 ns
witPercentage: 71.42857142857143, original: 7, reduced: 2
getAccount: 265161 ns
witPercentage: 71.42857142857143, original: 7, reduced: 2
getCode: 239826 ns
witPercentage: 71.42857142857143, original: 7, reduced: 2
getCode: 286712 ns
witPercentage: 83.33333333333333, original: 6, reduced: 1
getCode: 188176 ns
witPercentage: 71.42857142857143, original: 7, reduced: 2
getCode: 314868 ns
witPercentage: 83.33333333333333, original: 6, reduced: 1
getCode: 201574 ns
witPercentage: 83.33333333333333, original: 6, reduced: 1
getCode: 203467 ns
witPercentage: 71.42857142857143, original: 7, reduced: 2
getCode: 317598 ns
witPercentage: 83.33333333333333, original: 6, reduced: 1
getCode: 212877 ns
witPercentage: 71.42857142857143, original: 7, reduced: 2
getCode: 278924 ns
witPercentage: 71.42857142857143, original: 7, reduced: 2
getCode: 294651 ns
witPercentage: 71.42857142857143, original: 7, reduced: 2
getCode: 278517 ns
witPercentage: 83.33333333333333, original: 6, reduced: 1
getCode: 203493 ns
witPercentage: 71.42857142857143, original: 7, reduced: 2
getCode: 284712 ns
witPercentage: 71.42857142857143, original: 7, reduced: 2
getCode: 265419 ns
witPercentage: 83.33333333333333, original: 6, reduced: 1
getCode: 212134 ns
witPercentage: 71.42857142857143, original: 7, reduced: 2
getCode: 272467 ns
witPercentage: 71.42857142857143, original: 7, reduced: 2
getCode: 279094 ns
witPercentage: 83.33333333333333, original: 6, reduced: 1
getCode: 207364 ns
witPercentage: 71.42857142857143, original: 7, reduced: 2
getCode: 284761 ns
witPercentage: 71.42857142857143, original: 7, reduced: 2
getCode: 304479 ns
witPercentage: 71.42857142857143, original: 7, reduced: 2
getCode: 295734 ns
witPercentage: 62.5, original: 8, reduced: 3
getCode: 403958 ns
witPercentage: 71.42857142857143, original: 7, reduced: 2
getCode: 307524 ns
witPercentage: 71.42857142857143, original: 7, reduced: 2
getCode: 304711 ns
witPercentage: 83.33333333333333, original: 6, reduced: 1
getCode: 187917 ns
witPercentage: 71.42857142857143, original: 7, reduced: 2
getCode: 257995 ns
witPercentage: 83.33333333333333, original: 6, reduced: 1
getCode: 187065 ns
witPercentage: 83.33333333333333, original: 6, reduced: 1
getCode: 203554 ns
witPercentage: 71.42857142857143, original: 7, reduced: 2
getCode: 241548 ns
witPercentage: 83.33333333333333, original: 6, reduced: 1
getCode: 191924 ns
witPercentage: 55.55555555555556, original: 9, reduced: 4
getCode: 10931400 ns
witPercentage: 71.42857142857143, original: 7, reduced: 2
getCode: 325924 ns
witPercentage: 83.33333333333333, original: 6, reduced: 1
getCode: 183191 ns
witPercentage: 71.42857142857143, original: 7, reduced: 2
getCode: 278286 ns
witPercentage: 71.42857142857143, original: 7, reduced: 2
getCode: 505751 ns
witPercentage: 83.33333333333333, original: 6, reduced: 1
getCode: 242637 ns
witPercentage: 71.42857142857143, original: 7, reduced: 2
getCode: 327411 ns
witPercentage: 71.42857142857143, original: 7, reduced: 2
getCode: 341182 ns
witPercentage: 71.42857142857143, original: 7, reduced: 2
getCode: 326621 ns
witPercentage: 71.42857142857143, original: 7, reduced: 2
getCode: 243630 ns
witPercentage: 71.42857142857143, original: 7, reduced: 2
getCode: 336397 ns
witPercentage: 83.33333333333333, original: 6, reduced: 1
getCode: 207994 ns
witPercentage: 71.42857142857143, original: 7, reduced: 2
getCode: 255698 ns
witPercentage: 83.33333333333333, original: 6, reduced: 1
getCode: 188238 ns
witPercentage: 62.5, original: 8, reduced: 3
getCode: 368236 ns
witPercentage: 71.42857142857143, original: 7, reduced: 2
getCode: 291757 ns
witPercentage: 71.42857142857143, original: 7, reduced: 2
getCode: 316136 ns
witPercentage: 62.5, original: 8, reduced: 3
getCode: 379078 ns
witPercentage: 71.42857142857143, original: 7, reduced: 2
getCode: 333401 ns
witPercentage: 71.42857142857143, original: 7, reduced: 2
getCode: 289328 ns
witPercentage: 71.42857142857143, original: 7, reduced: 2
getCode: 315078 ns
witPercentage: 83.33333333333333, original: 6, reduced: 1
getCode: 224637 ns
witPercentage: 83.33333333333333, original: 6, reduced: 1
getCode: 208931 ns
witPercentage: 83.33333333333333, original: 6, reduced: 1
getCode: 205536 ns
witPercentage: 71.42857142857143, original: 7, reduced: 2
getCode: 316881 ns
witPercentage: 62.5, original: 8, reduced: 3
getCode: 434997 ns
witPercentage: 71.42857142857143, original: 7, reduced: 2
getCode: 308639 ns
witPercentage: 71.42857142857143, original: 7, reduced: 2
getCode: 383872 ns
witPercentage: 83.33333333333333, original: 6, reduced: 1
getCode: 242611 ns
witPercentage: 71.42857142857143, original: 7, reduced: 2
getCode: 321014 ns
witPercentage: 83.33333333333333, original: 6, reduced: 1
getCode: 146943 ns
witPercentage: 83.33333333333333, original: 6, reduced: 1
getCode: 189949 ns
witPercentage: 83.33333333333333, original: 6, reduced: 1
getCode: 247227 ns
witPercentage: 71.42857142857143, original: 7, reduced: 2
getCode: 316484 ns
witPercentage: 62.5, original: 8, reduced: 3
getCode: 483249 ns
witPercentage: 83.33333333333333, original: 6, reduced: 1
getCode: 204978 ns
witPercentage: 71.42857142857143, original: 7, reduced: 2
getCode: 306255 ns
witPercentage: 71.42857142857143, original: 7, reduced: 2
getCode: 312717 ns
witPercentage: 83.33333333333333, original: 6, reduced: 1
getCode: 212071 ns
witPercentage: 83.33333333333333, original: 6, reduced: 1
getCode: 221204 ns
witPercentage: 71.42857142857143, original: 7, reduced: 2
getCode: 735559 ns
witPercentage: 71.42857142857143, original: 7, reduced: 2
getCode: 335964 ns
witPercentage: 83.33333333333333, original: 6, reduced: 1
getCode: 203811 ns
witPercentage: 71.42857142857143, original: 7, reduced: 2
getCode: 291761 ns
witPercentage: 71.42857142857143, original: 7, reduced: 2
getCode: 325937 ns
witPercentage: 71.42857142857143, original: 7, reduced: 2
getCode: 306827 ns
witPercentage: 71.42857142857143, original: 7, reduced: 2
getCode: 312911 ns
witPercentage: 83.33333333333333, original: 6, reduced: 1
getCode: 214094 ns
witPercentage: 83.33333333333333, original: 6, reduced: 1
getCode: 5876912 ns
witPercentage: 83.33333333333333, original: 6, reduced: 1
getCode: 212807 ns
witPercentage: 83.33333333333333, original: 6, reduced: 1
getCode: 209281 ns
witPercentage: 83.33333333333333, original: 6, reduced: 1
getCode: 212517 ns
witPercentage: 71.42857142857143, original: 7, reduced: 2
getCode: 311814 ns
witPercentage: 71.42857142857143, original: 7, reduced: 2
getCode: 345635 ns
witPercentage: 71.42857142857143, original: 7, reduced: 2
getCode: 310327 ns
witPercentage: 71.42857142857143, original: 7, reduced: 2
getCode: 289565 ns
witPercentage: 71.42857142857143, original: 7, reduced: 2
getCode: 290261 ns
witPercentage: 71.42857142857143, original: 7, reduced: 2
getCode: 313371 ns
witPercentage: 71.42857142857143, original: 7, reduced: 2
getCode: 296411 ns
witPercentage: 71.42857142857143, original: 7, reduced: 2
getCode: 1085557 ns
witPercentage: 62.5, original: 8, reduced: 3
getCode: 361097 ns
witPercentage: 71.42857142857143, original: 7, reduced: 2
getCode: 271255 ns
witPercentage: 71.42857142857143, original: 7, reduced: 2
getCode: 307101 ns
witPercentage: 83.33333333333333, original: 6, reduced: 1
getCode: 199971 ns
witPercentage: 71.42857142857143, original: 7, reduced: 2
getCode: 283830 ns
witPercentage: 83.33333333333333, original: 6, reduced: 1
getCode: 210381 ns
witPercentage: 83.33333333333333, original: 6, reduced: 1
getCode: 199371 ns
witPercentage: 83.33333333333333, original: 6, reduced: 1
getCode: 190624 ns
witPercentage: 71.42857142857143, original: 7, reduced: 2
getCode: 299524 ns
witPercentage: 83.33333333333333, original: 6, reduced: 1
getCode: 214721 ns
witPercentage: 71.42857142857143, original: 7, reduced: 2
getCode: 308314 ns
witPercentage: 71.42857142857143, original: 7, reduced: 2
getCode: 292921 ns
witPercentage: 71.42857142857143, original: 7, reduced: 2
getCode: 273328 ns
witPercentage: 83.33333333333333, original: 6, reduced: 1
getCode: 215711 ns
witPercentage: 83.33333333333333, original: 6, reduced: 1
getCode: 4440214 ns
witPercentage: 71.42857142857143, original: 7, reduced: 2
getCode: 248604 ns
witPercentage: 71.42857142857143, original: 7, reduced: 2
getCode: 319381 ns
witPercentage: 71.42857142857143, original: 7, reduced: 2
getCode: 277844 ns
witPercentage: 83.33333333333333, original: 6, reduced: 1
getCode: 211061 ns
witPercentage: 83.33333333333333, original: 6, reduced: 1
getCode: 195019 ns
witPercentage: 83.33333333333333, original: 6, reduced: 1
getCode: 185717 ns
witPercentage: 71.42857142857143, original: 7, reduced: 2
getCode: 263690 ns
witPercentage: 83.33333333333333, original: 6, reduced: 1
getAccount: 162514 ns
witPercentage: 83.33333333333333, original: 6, reduced: 1
getCode: 186217 ns
witPercentage: 83.33333333333333, original: 6, reduced: 1
getCode: 186597 ns
witPercentage: 71.42857142857143, original: 7, reduced: 2
getCode: 296625 ns
witPercentage: 83.33333333333333, original: 6, reduced: 1
getCode: 197787 ns
witPercentage: 83.33333333333333, original: 6, reduced: 1
getCode: 210336 ns
witPercentage: 71.42857142857143, original: 7, reduced: 2
getCode: 272841 ns
witPercentage: 71.42857142857143, original: 7, reduced: 2
getCode: 330333 ns
witPercentage: 62.5, original: 8, reduced: 3
getCode: 341616 ns
witPercentage: 71.42857142857143, original: 7, reduced: 2
getCode: 286284 ns
witPercentage: 62.5, original: 8, reduced: 3
getCode: 404691 ns
witPercentage: 83.33333333333333, original: 6, reduced: 1
getCode: 227288 ns
witPercentage: 71.42857142857143, original: 7, reduced: 2
getCode: 268634 ns
witPercentage: 71.42857142857143, original: 7, reduced: 2
getCode: 301903 ns
witPercentage: 83.33333333333333, original: 6, reduced: 1
getCode: 186972 ns
witPercentage: 71.42857142857143, original: 7, reduced: 2
getCode: 336693 ns
witPercentage: 83.33333333333333, original: 6, reduced: 1
getCode: 231143 ns
witPercentage: 83.33333333333333, original: 6, reduced: 1
getCode: 235911 ns
witPercentage: 71.42857142857143, original: 7, reduced: 2
getCode: 286193 ns
witPercentage: 83.33333333333333, original: 6, reduced: 1
getCode: 323989 ns
witPercentage: 71.42857142857143, original: 7, reduced: 2
getCode: 320820 ns
witPercentage: 83.33333333333333, original: 6, reduced: 1
getCode: 228951 ns
witPercentage: 71.42857142857143, original: 7, reduced: 2
getCode: 315918 ns
witPercentage: 83.33333333333333, original: 6, reduced: 1
getCode: 249257 ns
witPercentage: 71.42857142857143, original: 7, reduced: 2
getCode: 298545 ns
witPercentage: 71.42857142857143, original: 7, reduced: 2
getCode: 349105 ns
witPercentage: 83.33333333333333, original: 6, reduced: 1
getCode: 201913 ns
witPercentage: 83.33333333333333, original: 6, reduced: 1
getCode: 227191 ns
witPercentage: 71.42857142857143, original: 7, reduced: 2
getCode: 327791 ns
witPercentage: 71.42857142857143, original: 7, reduced: 2
getCode: 499682 ns
witPercentage: 71.42857142857143, original: 7, reduced: 2
getCode: 319857 ns
witPercentage: 83.33333333333333, original: 6, reduced: 1
getCode: 211754 ns
witPercentage: 71.42857142857143, original: 7, reduced: 2
getCode: 315841 ns
witPercentage: 62.5, original: 8, reduced: 3
getCode: 398919 ns
witPercentage: 71.42857142857143, original: 7, reduced: 2
getCode: 316267 ns
witPercentage: 83.33333333333333, original: 6, reduced: 1
getCode: 208444 ns
witPercentage: 71.42857142857143, original: 7, reduced: 2
getCode: 345901 ns
witPercentage: 71.42857142857143, original: 7, reduced: 2
getCode: 303095 ns
witPercentage: 83.33333333333333, original: 6, reduced: 1
getCode: 199650 ns
witPercentage: 71.42857142857143, original: 7, reduced: 2
getCode: 300881 ns
witPercentage: 71.42857142857143, original: 7, reduced: 2
getCode: 277504 ns
witPercentage: 62.5, original: 8, reduced: 3
getCode: 392561 ns
witPercentage: 71.42857142857143, original: 7, reduced: 2
getCode: 282010 ns
witPercentage: 71.42857142857143, original: 7, reduced: 2
getCode: 275034 ns
witPercentage: 71.42857142857143, original: 7, reduced: 2
getCode: 259077 ns
witPercentage: 83.33333333333333, original: 6, reduced: 1
getCode: 285411 ns
witPercentage: 83.33333333333333, original: 6, reduced: 1
getCode: 284168 ns
witPercentage: 71.42857142857143, original: 7, reduced: 2
getCode: 369611 ns
witPercentage: 71.42857142857143, original: 7, reduced: 2
getCode: 344208 ns
witPercentage: 71.42857142857143, original: 7, reduced: 2
getCode: 275011 ns
witPercentage: 71.42857142857143, original: 7, reduced: 2
getCode: 305227 ns
witPercentage: 71.42857142857143, original: 7, reduced: 2
getCode: 354101 ns
witPercentage: 71.42857142857143, original: 7, reduced: 2
getCode: 292338 ns
witPercentage: 71.42857142857143, original: 7, reduced: 2
getCode: 309665 ns
witPercentage: 71.42857142857143, original: 7, reduced: 2
getCode: 291821 ns
witPercentage: 83.33333333333333, original: 6, reduced: 1
getCode: 230920 ns
witPercentage: 83.33333333333333, original: 6, reduced: 1
getCode: 221491 ns
witPercentage: 71.42857142857143, original: 7, reduced: 2
getCode: 176015 ns
witPercentage: 71.42857142857143, original: 7, reduced: 2
getCode: 326518 ns
witPercentage: 71.42857142857143, original: 7, reduced: 2
getCode: 290020 ns
witPercentage: 83.33333333333333, original: 6, reduced: 1
getCode: 190997 ns
witPercentage: 71.42857142857143, original: 7, reduced: 2
getCode: 320757 ns
witPercentage: 71.42857142857143, original: 7, reduced: 2
getCode: 282994 ns
witPercentage: 83.33333333333333, original: 6, reduced: 1
getCode: 213830 ns
witPercentage: 83.33333333333333, original: 6, reduced: 1
getCode: 223304 ns
witPercentage: 83.33333333333333, original: 6, reduced: 1
getCode: 225246 ns
witPercentage: 83.33333333333333, original: 6, reduced: 1
getCode: 213764 ns
witPercentage: 83.33333333333333, original: 6, reduced: 1
getCode: 224368 ns
witPercentage: 71.42857142857143, original: 7, reduced: 2
getCode: 333377 ns
witPercentage: 71.42857142857143, original: 7, reduced: 2
getCode: 5713904 ns
witPercentage: 71.42857142857143, original: 7, reduced: 2
getCode: 245366 ns
witPercentage: 83.33333333333333, original: 6, reduced: 1
getCode: 216254 ns
witPercentage: 83.33333333333333, original: 6, reduced: 1
getCode: 182308 ns
witPercentage: 71.42857142857143, original: 7, reduced: 2
getCode: 293544 ns
witPercentage: 71.42857142857143, original: 7, reduced: 2
getCode: 353647 ns
witPercentage: 71.42857142857143, original: 7, reduced: 2
getCode: 267315 ns
witPercentage: 83.33333333333333, original: 6, reduced: 1
getCode: 218894 ns
witPercentage: 71.42857142857143, original: 7, reduced: 2
getCode: 319338 ns
witPercentage: 71.42857142857143, original: 7, reduced: 2
getCode: 272723 ns
witPercentage: 83.33333333333333, original: 6, reduced: 1
getCode: 212506 ns
witPercentage: 83.33333333333333, original: 6, reduced: 1
getCode: 197401 ns
